{"timestamp": "2025-07-03T02:53:25.531825Z", "level": "\u001b[92mINFO\u001b[0m", "logger": "apscheduler.scheduler", "message": "Scheduler started", "module": "base", "function": "start", "line": 214}
{"timestamp": "2025-07-03T02:53:25.533447Z", "level": "\u001b[92mINFO\u001b[0m", "logger": "simple_cache", "message": "Cache cleanup scheduler started", "module": "simple_cache", "function": "schedule_cache_cleanup", "line": 409}
{"timestamp": "2025-07-03T02:53:25.533633Z", "level": "\u001b[92mINFO\u001b[0m", "logger": "backup_utils", "message": "Automatic backup scheduler started (6-hour interval)", "module": "backup_utils", "function": "schedule_automatic_backups", "line": 532}
{"timestamp": "2025-07-03T02:53:25.566955Z", "level": "\u001b[92mINFO\u001b[0m", "logger": "apscheduler.scheduler", "message": "Scheduler has been shut down", "module": "base", "function": "shutdown", "line": 245}
{"timestamp": "2025-07-03T17:28:41.912542Z", "level": "\u001b[92mINFO\u001b[0m", "logger": "apscheduler.scheduler", "message": "Scheduler started", "module": "base", "function": "start", "line": 181}
{"timestamp": "2025-07-03T17:28:41.921914Z", "level": "\u001b[92mINFO\u001b[0m", "logger": "simple_cache", "message": "Cache cleanup scheduler started", "module": "simple_cache", "function": "schedule_cache_cleanup", "line": 409}
{"timestamp": "2025-07-03T17:28:41.922111Z", "level": "\u001b[92mINFO\u001b[0m", "logger": "backup_utils", "message": "Automatic backup scheduler started (6-hour interval)", "module": "backup_utils", "function": "schedule_automatic_backups", "line": 534}
{"timestamp": "2025-07-03T17:28:41.954333Z", "level": "\u001b[92mINFO\u001b[0m", "logger": "apscheduler.scheduler", "message": "Scheduler has been shut down", "module": "base", "function": "shutdown", "line": 212}
{"timestamp": "2025-07-03T18:23:26.275168Z", "level": "\u001b[92mINFO\u001b[0m", "logger": "apscheduler.scheduler", "message": "Scheduler started", "module": "base", "function": "start", "line": 181}
{"timestamp": "2025-07-03T18:23:26.277560Z", "level": "\u001b[92mINFO\u001b[0m", "logger": "simple_cache", "message": "Cache cleanup scheduler started", "module": "simple_cache", "function": "schedule_cache_cleanup", "line": 409}
{"timestamp": "2025-07-03T18:23:26.277740Z", "level": "\u001b[92mINFO\u001b[0m", "logger": "backup_utils", "message": "Automatic backup scheduler started (6-hour interval)", "module": "backup_utils", "function": "schedule_automatic_backups", "line": 534}
{"timestamp": "2025-07-03T18:23:26.306405Z", "level": "\u001b[92mINFO\u001b[0m", "logger": "apscheduler.scheduler", "message": "Scheduler has been shut down", "module": "base", "function": "shutdown", "line": 212}
{"timestamp": "2025-07-03T18:23:32.860889Z", "level": "\u001b[92mINFO\u001b[0m", "logger": "apscheduler.scheduler", "message": "Scheduler started", "module": "base", "function": "start", "line": 181}
{"timestamp": "2025-07-03T18:23:32.863163Z", "level": "\u001b[92mINFO\u001b[0m", "logger": "simple_cache", "message": "Cache cleanup scheduler started", "module": "simple_cache", "function": "schedule_cache_cleanup", "line": 409}
{"timestamp": "2025-07-03T18:23:32.863554Z", "level": "\u001b[92mINFO\u001b[0m", "logger": "backup_utils", "message": "Automatic backup scheduler started (6-hour interval)", "module": "backup_utils", "function": "schedule_automatic_backups", "line": 534}
{"timestamp": "2025-07-03T18:23:32.930366Z", "level": "\u001b[93mWARNING\u001b[0m", "logger": "github_storage", "message": "GitHub connection test failed: Invalid GitHub token or insufficient permissions", "module": "github_storage", "function": "_validate_configuration", "line": 54}
{"timestamp": "2025-07-03T18:23:32.939072Z", "level": "\u001b[92mINFO\u001b[0m", "logger": "apscheduler.scheduler", "message": "Scheduler has been shut down", "module": "base", "function": "shutdown", "line": 212}
{"timestamp": "2025-07-03T18:23:46.628783Z", "level": "\u001b[92mINFO\u001b[0m", "logger": "apscheduler.scheduler", "message": "Scheduler started", "module": "base", "function": "start", "line": 181}
{"timestamp": "2025-07-03T18:23:46.630842Z", "level": "\u001b[92mINFO\u001b[0m", "logger": "simple_cache", "message": "Cache cleanup scheduler started", "module": "simple_cache", "function": "schedule_cache_cleanup", "line": 409}
{"timestamp": "2025-07-03T18:23:46.631210Z", "level": "\u001b[92mINFO\u001b[0m", "logger": "backup_utils", "message": "Automatic backup scheduler started (6-hour interval)", "module": "backup_utils", "function": "schedule_automatic_backups", "line": 534}
{"timestamp": "2025-07-03T18:23:46.698779Z", "level": "\u001b[93mWARNING\u001b[0m", "logger": "github_storage", "message": "GitHub connection test failed: Invalid GitHub token or insufficient permissions", "module": "github_storage", "function": "_validate_configuration", "line": 54}
{"timestamp": "2025-07-03T18:23:46.750579Z", "level": "\u001b[91mERROR\u001b[0m", "logger": "github_storage", "message": "Unexpected status code 401 for whatsapp_status.json: {\"message\":\"Bad credentials\",\"documentation_url\":\"https://docs.github.com/rest\",\"status\":\"401\"}", "module": "github_storage", "function": "_get_file_content", "line": 203}
{"timestamp": "2025-07-03T18:23:46.750713Z", "level": "\u001b[91mERROR\u001b[0m", "logger": "github_storage", "message": "Unexpected error getting whatsapp_status.json: API error 401: {\"message\":\"Bad credentials\",\"documentation_url\":\"https://docs.github.com/rest\",\"status\":\"401\"}", "module": "github_storage", "function": "_get_file_content", "line": 221}
{"timestamp": "2025-07-03T18:23:47.787895Z", "level": "\u001b[91mERROR\u001b[0m", "logger": "github_storage", "message": "Unexpected status code 401 for whatsapp_status.json: {\"message\":\"Bad credentials\",\"documentation_url\":\"https://docs.github.com/rest\",\"status\":\"401\"}", "module": "github_storage", "function": "_get_file_content", "line": 203}
{"timestamp": "2025-07-03T18:23:47.788018Z", "level": "\u001b[91mERROR\u001b[0m", "logger": "github_storage", "message": "Unexpected error getting whatsapp_status.json: API error 401: {\"message\":\"Bad credentials\",\"documentation_url\":\"https://docs.github.com/rest\",\"status\":\"401\"}", "module": "github_storage", "function": "_get_file_content", "line": 221}
{"timestamp": "2025-07-03T18:23:48.825482Z", "level": "\u001b[91mERROR\u001b[0m", "logger": "github_storage", "message": "Unexpected status code 401 for whatsapp_status.json: {\"message\":\"Bad credentials\",\"documentation_url\":\"https://docs.github.com/rest\",\"status\":\"401\"}", "module": "github_storage", "function": "_get_file_content", "line": 203}
{"timestamp": "2025-07-03T18:23:48.825615Z", "level": "\u001b[91mERROR\u001b[0m", "logger": "github_storage", "message": "Unexpected error getting whatsapp_status.json: API error 401: {\"message\":\"Bad credentials\",\"documentation_url\":\"https://docs.github.com/rest\",\"status\":\"401\"}", "module": "github_storage", "function": "_get_file_content", "line": 221}
{"timestamp": "2025-07-03T18:23:48.825673Z", "level": "\u001b[91mERROR\u001b[0m", "logger": "whatsapp_integration", "message": "Error loading WhatsApp connection status: Unexpected error: API error 401: {\"message\":\"Bad credentials\",\"documentation_url\":\"https://docs.github.com/rest\",\"status\":\"401\"}", "module": "whatsapp_integration", "function": "_load_connection_state", "line": 73}
{"timestamp": "2025-07-03T18:23:48.833342Z", "level": "\u001b[92mINFO\u001b[0m", "logger": "message_queue", "message": "Message queue processing started", "module": "message_queue", "function": "start_processing", "line": 151}
{"timestamp": "2025-07-03T18:23:48.833434Z", "level": "\u001b[92mINFO\u001b[0m", "logger": "reminder_scheduler", "message": "Removed 0 existing reminder jobs", "module": "reminder_scheduler", "function": "setup_reminders", "line": 201}
{"timestamp": "2025-07-03T18:23:48.877237Z", "level": "\u001b[91mERROR\u001b[0m", "logger": "github_storage", "message": "Unexpected status code 401 for clients.json: {\"message\":\"Bad credentials\",\"documentation_url\":\"https://docs.github.com/rest\",\"status\":\"401\"}", "module": "github_storage", "function": "_get_file_content", "line": 203}
{"timestamp": "2025-07-03T18:23:48.877348Z", "level": "\u001b[91mERROR\u001b[0m", "logger": "github_storage", "message": "Unexpected error getting clients.json: API error 401: {\"message\":\"Bad credentials\",\"documentation_url\":\"https://docs.github.com/rest\",\"status\":\"401\"}", "module": "github_storage", "function": "_get_file_content", "line": 221}
{"timestamp": "2025-07-03T18:23:49.912961Z", "level": "\u001b[91mERROR\u001b[0m", "logger": "github_storage", "message": "Unexpected status code 401 for clients.json: {\"message\":\"Bad credentials\",\"documentation_url\":\"https://docs.github.com/rest\",\"status\":\"401\"}", "module": "github_storage", "function": "_get_file_content", "line": 203}
{"timestamp": "2025-07-03T18:23:49.913103Z", "level": "\u001b[91mERROR\u001b[0m", "logger": "github_storage", "message": "Unexpected error getting clients.json: API error 401: {\"message\":\"Bad credentials\",\"documentation_url\":\"https://docs.github.com/rest\",\"status\":\"401\"}", "module": "github_storage", "function": "_get_file_content", "line": 221}
{"timestamp": "2025-07-03T18:23:50.956769Z", "level": "\u001b[91mERROR\u001b[0m", "logger": "github_storage", "message": "Unexpected status code 401 for clients.json: {\"message\":\"Bad credentials\",\"documentation_url\":\"https://docs.github.com/rest\",\"status\":\"401\"}", "module": "github_storage", "function": "_get_file_content", "line": 203}
{"timestamp": "2025-07-03T18:23:50.956910Z", "level": "\u001b[91mERROR\u001b[0m", "logger": "github_storage", "message": "Unexpected error getting clients.json: API error 401: {\"message\":\"Bad credentials\",\"documentation_url\":\"https://docs.github.com/rest\",\"status\":\"401\"}", "module": "github_storage", "function": "_get_file_content", "line": 221}
{"timestamp": "2025-07-03T18:23:50.956965Z", "level": "\u001b[91mERROR\u001b[0m", "logger": "github_storage", "message": "GitHub storage error loading clients: Unexpected error: API error 401: {\"message\":\"Bad credentials\",\"documentation_url\":\"https://docs.github.com/rest\",\"status\":\"401\"}", "module": "github_storage", "function": "get_clients", "line": 407}
{"timestamp": "2025-07-03T18:23:50.957013Z", "level": "\u001b[91mERROR\u001b[0m", "logger": "reminder_scheduler", "message": "Error setting up reminders: Unexpected error: API error 401: {\"message\":\"Bad credentials\",\"documentation_url\":\"https://docs.github.com/rest\",\"status\":\"401\"}", "module": "reminder_scheduler", "function": "setup_reminders", "line": 248}
{"timestamp": "2025-07-03T18:23:50.958098Z", "level": "\u001b[91mERROR\u001b[0m", "logger": "reminder_scheduler", "message": "Traceback (most recent call last):\n  File \"/workspace/github_storage.py\", line 204, in _get_file_content\n    raise GitHubStorageError(f\"API error {response.status_code}: {response.text}\")\ngithub_storage.GitHubStorageError: API error 401: {\"message\":\"Bad credentials\",\"documentation_url\":\"https://docs.github.com/rest\",\"status\":\"401\"}\n\nDuring handling of the above exception, another exception occurred:\n\nTraceback (most recent call last):\n  File \"/workspace/reminder_scheduler.py\", line 205, in setup_reminders\n    clients = storage.get_clients()\n  File \"/workspace/github_storage.py\", line 384, in get_clients\n    file_data = self._get_file_content('clients.json')\n  File \"/workspace/github_storage.py\", line 223, in _get_file_content\n    raise GitHubStorageError(f\"Unexpected error: {str(e)}\")\ngithub_storage.GitHubStorageError: Unexpected error: API error 401: {\"message\":\"Bad credentials\",\"documentation_url\":\"https://docs.github.com/rest\",\"status\":\"401\"}\n", "module": "reminder_scheduler", "function": "setup_reminders", "line": 249}
{"timestamp": "2025-07-03T18:23:50.958995Z", "level": "\u001b[92mINFO\u001b[0m", "logger": "routes", "message": "Reminder scheduler configured successfully", "module": "app", "function": "<module>", "line": 47}
{"timestamp": "2025-07-03T18:23:51.026247Z", "level": "\u001b[91mERROR\u001b[0m", "logger": "github_storage", "message": "Unexpected status code 401 for clients.json: {\"message\":\"Bad credentials\",\"documentation_url\":\"https://docs.github.com/rest\",\"status\":\"401\"}", "module": "github_storage", "function": "_get_file_content", "line": 203}
{"timestamp": "2025-07-03T18:23:51.026355Z", "level": "\u001b[91mERROR\u001b[0m", "logger": "github_storage", "message": "Unexpected error getting clients.json: API error 401: {\"message\":\"Bad credentials\",\"documentation_url\":\"https://docs.github.com/rest\",\"status\":\"401\"}", "module": "github_storage", "function": "_get_file_content", "line": 221}
{"timestamp": "2025-07-03T20:15:55.342100Z", "level": "\u001b[92mINFO\u001b[0m", "logger": "apscheduler.scheduler", "message": "Scheduler started", "module": "base", "function": "start", "line": 181}
{"timestamp": "2025-07-03T20:15:55.351037Z", "level": "\u001b[92mINFO\u001b[0m", "logger": "simple_cache", "message": "Cache cleanup scheduler started", "module": "simple_cache", "function": "schedule_cache_cleanup", "line": 409}
{"timestamp": "2025-07-03T20:15:55.351219Z", "level": "\u001b[92mINFO\u001b[0m", "logger": "backup_utils", "message": "Automatic backup scheduler started (6-hour interval)", "module": "backup_utils", "function": "schedule_automatic_backups", "line": 534}
{"timestamp": "2025-07-03T20:15:55.383150Z", "level": "\u001b[92mINFO\u001b[0m", "logger": "apscheduler.scheduler", "message": "Scheduler has been shut down", "module": "base", "function": "shutdown", "line": 212}
{"timestamp": "2025-07-03T20:16:01.027579Z", "level": "\u001b[92mINFO\u001b[0m", "logger": "apscheduler.scheduler", "message": "Scheduler started", "module": "base", "function": "start", "line": 181}
{"timestamp": "2025-07-03T20:16:01.029457Z", "level": "\u001b[92mINFO\u001b[0m", "logger": "simple_cache", "message": "Cache cleanup scheduler started", "module": "simple_cache", "function": "schedule_cache_cleanup", "line": 409}
{"timestamp": "2025-07-03T20:16:01.029636Z", "level": "\u001b[92mINFO\u001b[0m", "logger": "backup_utils", "message": "Automatic backup scheduler started (6-hour interval)", "module": "backup_utils", "function": "schedule_automatic_backups", "line": 534}
{"timestamp": "2025-07-03T20:16:01.091281Z", "level": "\u001b[93mWARNING\u001b[0m", "logger": "github_storage", "message": "GitHub connection test failed: Invalid GitHub token or insufficient permissions", "module": "github_storage", "function": "_validate_configuration", "line": 54}
{"timestamp": "2025-07-03T20:16:01.102056Z", "level": "\u001b[92mINFO\u001b[0m", "logger": "apscheduler.scheduler", "message": "Scheduler has been shut down", "module": "base", "function": "shutdown", "line": 212}
{"timestamp": "2025-07-03T20:16:09.379310Z", "level": "\u001b[92mINFO\u001b[0m", "logger": "apscheduler.scheduler", "message": "Scheduler started", "module": "base", "function": "start", "line": 181}
{"timestamp": "2025-07-03T20:16:09.381155Z", "level": "\u001b[92mINFO\u001b[0m", "logger": "simple_cache", "message": "Cache cleanup scheduler started", "module": "simple_cache", "function": "schedule_cache_cleanup", "line": 409}
{"timestamp": "2025-07-03T20:16:09.381374Z", "level": "\u001b[92mINFO\u001b[0m", "logger": "backup_utils", "message": "Automatic backup scheduler started (6-hour interval)", "module": "backup_utils", "function": "schedule_automatic_backups", "line": 534}
{"timestamp": "2025-07-03T20:16:09.440412Z", "level": "\u001b[93mWARNING\u001b[0m", "logger": "github_storage", "message": "GitHub connection test failed: Invalid GitHub token or insufficient permissions", "module": "github_storage", "function": "_validate_configuration", "line": 54}
{"timestamp": "2025-07-03T20:16:09.443744Z", "level": "\u001b[92mINFO\u001b[0m", "logger": "apscheduler.scheduler", "message": "Scheduler has been shut down", "module": "base", "function": "shutdown", "line": 212}
{"timestamp": "2025-07-03T20:16:23.507511Z", "level": "\u001b[92mINFO\u001b[0m", "logger": "apscheduler.scheduler", "message": "Scheduler started", "module": "base", "function": "start", "line": 181}
{"timestamp": "2025-07-03T20:16:23.509339Z", "level": "\u001b[92mINFO\u001b[0m", "logger": "simple_cache", "message": "Cache cleanup scheduler started", "module": "simple_cache", "function": "schedule_cache_cleanup", "line": 409}
{"timestamp": "2025-07-03T20:16:23.509522Z", "level": "\u001b[92mINFO\u001b[0m", "logger": "backup_utils", "message": "Automatic backup scheduler started (6-hour interval)", "module": "backup_utils", "function": "schedule_automatic_backups", "line": 534}
{"timestamp": "2025-07-03T20:16:23.578218Z", "level": "\u001b[93mWARNING\u001b[0m", "logger": "github_storage", "message": "GitHub connection test failed: Invalid GitHub token or insufficient permissions", "module": "github_storage", "function": "_validate_configuration", "line": 54}
{"timestamp": "2025-07-03T20:16:23.621104Z", "level": "\u001b[91mERROR\u001b[0m", "logger": "github_storage", "message": "Unexpected status code 401 for whatsapp_status.json: {\"message\":\"Bad credentials\",\"documentation_url\":\"https://docs.github.com/rest\",\"status\":\"401\"}", "module": "github_storage", "function": "_get_file_content", "line": 203}
{"timestamp": "2025-07-03T20:16:23.621222Z", "level": "\u001b[91mERROR\u001b[0m", "logger": "github_storage", "message": "Unexpected error getting whatsapp_status.json: API error 401: {\"message\":\"Bad credentials\",\"documentation_url\":\"https://docs.github.com/rest\",\"status\":\"401\"}", "module": "github_storage", "function": "_get_file_content", "line": 221}
{"timestamp": "2025-07-03T20:16:24.661726Z", "level": "\u001b[91mERROR\u001b[0m", "logger": "github_storage", "message": "Unexpected status code 401 for whatsapp_status.json: {\"message\":\"Bad credentials\",\"documentation_url\":\"https://docs.github.com/rest\",\"status\":\"401\"}", "module": "github_storage", "function": "_get_file_content", "line": 203}
{"timestamp": "2025-07-03T20:16:24.661859Z", "level": "\u001b[91mERROR\u001b[0m", "logger": "github_storage", "message": "Unexpected error getting whatsapp_status.json: API error 401: {\"message\":\"Bad credentials\",\"documentation_url\":\"https://docs.github.com/rest\",\"status\":\"401\"}", "module": "github_storage", "function": "_get_file_content", "line": 221}
{"timestamp": "2025-07-03T20:16:25.699898Z", "level": "\u001b[91mERROR\u001b[0m", "logger": "github_storage", "message": "Unexpected status code 401 for whatsapp_status.json: {\"message\":\"Bad credentials\",\"documentation_url\":\"https://docs.github.com/rest\",\"status\":\"401\"}", "module": "github_storage", "function": "_get_file_content", "line": 203}
{"timestamp": "2025-07-03T20:16:25.700019Z", "level": "\u001b[91mERROR\u001b[0m", "logger": "github_storage", "message": "Unexpected error getting whatsapp_status.json: API error 401: {\"message\":\"Bad credentials\",\"documentation_url\":\"https://docs.github.com/rest\",\"status\":\"401\"}", "module": "github_storage", "function": "_get_file_content", "line": 221}
{"timestamp": "2025-07-03T20:16:25.700077Z", "level": "\u001b[91mERROR\u001b[0m", "logger": "whatsapp_integration", "message": "Error loading WhatsApp connection status: Unexpected error: API error 401: {\"message\":\"Bad credentials\",\"documentation_url\":\"https://docs.github.com/rest\",\"status\":\"401\"}", "module": "whatsapp_integration", "function": "_load_connection_state", "line": 73}
{"timestamp": "2025-07-03T20:16:25.708535Z", "level": "\u001b[92mINFO\u001b[0m", "logger": "message_queue", "message": "Message queue processing started", "module": "message_queue", "function": "start_processing", "line": 151}
{"timestamp": "2025-07-03T20:16:25.708610Z", "level": "\u001b[92mINFO\u001b[0m", "logger": "reminder_scheduler", "message": "Removed 0 existing reminder jobs", "module": "reminder_scheduler", "function": "setup_reminders", "line": 201}
{"timestamp": "2025-07-03T20:16:25.772652Z", "level": "\u001b[91mERROR\u001b[0m", "logger": "github_storage", "message": "Unexpected status code 401 for clients.json: {\"message\":\"Bad credentials\",\"documentation_url\":\"https://docs.github.com/rest\",\"status\":\"401\"}", "module": "github_storage", "function": "_get_file_content", "line": 203}
{"timestamp": "2025-07-03T20:16:25.772780Z", "level": "\u001b[91mERROR\u001b[0m", "logger": "github_storage", "message": "Unexpected error getting clients.json: API error 401: {\"message\":\"Bad credentials\",\"documentation_url\":\"https://docs.github.com/rest\",\"status\":\"401\"}", "module": "github_storage", "function": "_get_file_content", "line": 221}
{"timestamp": "2025-07-03T20:16:26.809816Z", "level": "\u001b[91mERROR\u001b[0m", "logger": "github_storage", "message": "Unexpected status code 401 for clients.json: {\"message\":\"Bad credentials\",\"documentation_url\":\"https://docs.github.com/rest\",\"status\":\"401\"}", "module": "github_storage", "function": "_get_file_content", "line": 203}
{"timestamp": "2025-07-03T20:16:26.809935Z", "level": "\u001b[91mERROR\u001b[0m", "logger": "github_storage", "message": "Unexpected error getting clients.json: API error 401: {\"message\":\"Bad credentials\",\"documentation_url\":\"https://docs.github.com/rest\",\"status\":\"401\"}", "module": "github_storage", "function": "_get_file_content", "line": 221}
{"timestamp": "2025-07-03T20:16:27.847501Z", "level": "\u001b[91mERROR\u001b[0m", "logger": "github_storage", "message": "Unexpected status code 401 for clients.json: {\"message\":\"Bad credentials\",\"documentation_url\":\"https://docs.github.com/rest\",\"status\":\"401\"}", "module": "github_storage", "function": "_get_file_content", "line": 203}
{"timestamp": "2025-07-03T20:16:27.847623Z", "level": "\u001b[91mERROR\u001b[0m", "logger": "github_storage", "message": "Unexpected error getting clients.json: API error 401: {\"message\":\"Bad credentials\",\"documentation_url\":\"https://docs.github.com/rest\",\"status\":\"401\"}", "module": "github_storage", "function": "_get_file_content", "line": 221}
{"timestamp": "2025-07-03T20:16:27.847683Z", "level": "\u001b[91mERROR\u001b[0m", "logger": "github_storage", "message": "GitHub storage error loading clients: Unexpected error: API error 401: {\"message\":\"Bad credentials\",\"documentation_url\":\"https://docs.github.com/rest\",\"status\":\"401\"}", "module": "github_storage", "function": "get_clients", "line": 407}
{"timestamp": "2025-07-03T20:16:27.847748Z", "level": "\u001b[91mERROR\u001b[0m", "logger": "reminder_scheduler", "message": "Error setting up reminders: Unexpected error: API error 401: {\"message\":\"Bad credentials\",\"documentation_url\":\"https://docs.github.com/rest\",\"status\":\"401\"}", "module": "reminder_scheduler", "function": "setup_reminders", "line": 248}
{"timestamp": "2025-07-03T20:16:27.848723Z", "level": "\u001b[91mERROR\u001b[0m", "logger": "reminder_scheduler", "message": "Traceback (most recent call last):\n  File \"/workspace/github_storage.py\", line 204, in _get_file_content\n    raise GitHubStorageError(f\"API error {response.status_code}: {response.text}\")\ngithub_storage.GitHubStorageError: API error 401: {\"message\":\"Bad credentials\",\"documentation_url\":\"https://docs.github.com/rest\",\"status\":\"401\"}\n\nDuring handling of the above exception, another exception occurred:\n\nTraceback (most recent call last):\n  File \"/workspace/reminder_scheduler.py\", line 205, in setup_reminders\n    clients = storage.get_clients()\n  File \"/workspace/github_storage.py\", line 384, in get_clients\n    file_data = self._get_file_content('clients.json')\n  File \"/workspace/github_storage.py\", line 223, in _get_file_content\n    raise GitHubStorageError(f\"Unexpected error: {str(e)}\")\ngithub_storage.GitHubStorageError: Unexpected error: API error 401: {\"message\":\"Bad credentials\",\"documentation_url\":\"https://docs.github.com/rest\",\"status\":\"401\"}\n", "module": "reminder_scheduler", "function": "setup_reminders", "line": 249}
{"timestamp": "2025-07-03T20:16:27.849526Z", "level": "\u001b[92mINFO\u001b[0m", "logger": "routes", "message": "Reminder scheduler configured successfully", "module": "app", "function": "<module>", "line": 47}
{"timestamp": "2025-07-03T20:16:27.885116Z", "level": "\u001b[91mERROR\u001b[0m", "logger": "github_storage", "message": "Unexpected status code 401 for clients.json: {\"message\":\"Bad credentials\",\"documentation_url\":\"https://docs.github.com/rest\",\"status\":\"401\"}", "module": "github_storage", "function": "_get_file_content", "line": 203}
{"timestamp": "2025-07-03T20:16:27.885226Z", "level": "\u001b[91mERROR\u001b[0m", "logger": "github_storage", "message": "Unexpected error getting clients.json: API error 401: {\"message\":\"Bad credentials\",\"documentation_url\":\"https://docs.github.com/rest\",\"status\":\"401\"}", "module": "github_storage", "function": "_get_file_content", "line": 221}
{"timestamp": "2025-07-03T20:16:28.923592Z", "level": "\u001b[91mERROR\u001b[0m", "logger": "github_storage", "message": "Unexpected status code 401 for clients.json: {\"message\":\"Bad credentials\",\"documentation_url\":\"https://docs.github.com/rest\",\"status\":\"401\"}", "module": "github_storage", "function": "_get_file_content", "line": 203}
{"timestamp": "2025-07-03T20:16:28.923716Z", "level": "\u001b[91mERROR\u001b[0m", "logger": "github_storage", "message": "Unexpected error getting clients.json: API error 401: {\"message\":\"Bad credentials\",\"documentation_url\":\"https://docs.github.com/rest\",\"status\":\"401\"}", "module": "github_storage", "function": "_get_file_content", "line": 221}
{"timestamp": "2025-07-03T20:16:29.961671Z", "level": "\u001b[91mERROR\u001b[0m", "logger": "github_storage", "message": "Unexpected status code 401 for clients.json: {\"message\":\"Bad credentials\",\"documentation_url\":\"https://docs.github.com/rest\",\"status\":\"401\"}", "module": "github_storage", "function": "_get_file_content", "line": 203}
{"timestamp": "2025-07-03T20:16:29.961793Z", "level": "\u001b[91mERROR\u001b[0m", "logger": "github_storage", "message": "Unexpected error getting clients.json: API error 401: {\"message\":\"Bad credentials\",\"documentation_url\":\"https://docs.github.com/rest\",\"status\":\"401\"}", "module": "github_storage", "function": "_get_file_content", "line": 221}
{"timestamp": "2025-07-03T20:16:29.961846Z", "level": "\u001b[91mERROR\u001b[0m", "logger": "github_storage", "message": "GitHub storage error loading clients: Unexpected error: API error 401: {\"message\":\"Bad credentials\",\"documentation_url\":\"https://docs.github.com/rest\",\"status\":\"401\"}", "module": "github_storage", "function": "get_clients", "line": 407}
{"timestamp": "2025-07-03T20:16:29.961910Z", "level": "\u001b[91mERROR\u001b[0m", "logger": "simple_cache", "message": "Failed to warm cache: Unexpected error: API error 401: {\"message\":\"Bad credentials\",\"documentation_url\":\"https://docs.github.com/rest\",\"status\":\"401\"}", "module": "simple_cache", "function": "warm_cache", "line": 364}
{"timestamp": "2025-07-03T20:16:29.962681Z", "level": "\u001b[92mINFO\u001b[0m", "logger": "routes", "message": "Cache warmed successfully", "module": "app", "function": "<module>", "line": 54}
{"timestamp": "2025-07-03T20:16:29.962730Z", "level": "\u001b[92mINFO\u001b[0m", "logger": "routes", "message": "Application initialized with all improvements", "module": "app", "function": "<module>", "line": 58}
{"timestamp": "2025-07-03T20:16:29.965331Z", "level": "\u001b[92mINFO\u001b[0m", "logger": "werkzeug", "message": "\u001b[31m\u001b[1mWARNING: This is a development server. Do not use it in a production deployment. Use a production WSGI server instead.\u001b[0m\n * Running on all addresses (0.0.0.0)\n * Running on http://127.0.0.1:5000\n * Running on http://172.17.0.4:5000", "module": "_internal", "function": "_log", "line": 187}
{"timestamp": "2025-07-03T20:16:29.965394Z", "level": "\u001b[92mINFO\u001b[0m", "logger": "werkzeug", "message": "\u001b[33mPress CTRL+C to quit\u001b[0m", "module": "_internal", "function": "_log", "line": 187}
{"timestamp": "2025-07-03T20:16:29.965801Z", "level": "\u001b[92mINFO\u001b[0m", "logger": "werkzeug", "message": " * Restarting with stat", "module": "_internal", "function": "_log", "line": 187}
{"timestamp": "2025-07-03T20:16:30.092033Z", "level": "\u001b[92mINFO\u001b[0m", "logger": "apscheduler.scheduler", "message": "Scheduler started", "module": "base", "function": "start", "line": 181}
{"timestamp": "2025-07-03T20:16:30.093862Z", "level": "\u001b[92mINFO\u001b[0m", "logger": "simple_cache", "message": "Cache cleanup scheduler started", "module": "simple_cache", "function": "schedule_cache_cleanup", "line": 409}
{"timestamp": "2025-07-03T20:16:30.094044Z", "level": "\u001b[92mINFO\u001b[0m", "logger": "backup_utils", "message": "Automatic backup scheduler started (6-hour interval)", "module": "backup_utils", "function": "schedule_automatic_backups", "line": 534}
{"timestamp": "2025-07-03T20:16:30.158601Z", "level": "\u001b[93mWARNING\u001b[0m", "logger": "github_storage", "message": "GitHub connection test failed: Invalid GitHub token or insufficient permissions", "module": "github_storage", "function": "_validate_configuration", "line": 54}
{"timestamp": "2025-07-03T20:16:30.204190Z", "level": "\u001b[91mERROR\u001b[0m", "logger": "github_storage", "message": "Unexpected status code 401 for whatsapp_status.json: {\"message\":\"Bad credentials\",\"documentation_url\":\"https://docs.github.com/rest\",\"status\":\"401\"}", "module": "github_storage", "function": "_get_file_content", "line": 203}
{"timestamp": "2025-07-03T20:16:30.204301Z", "level": "\u001b[91mERROR\u001b[0m", "logger": "github_storage", "message": "Unexpected error getting whatsapp_status.json: API error 401: {\"message\":\"Bad credentials\",\"documentation_url\":\"https://docs.github.com/rest\",\"status\":\"401\"}", "module": "github_storage", "function": "_get_file_content", "line": 221}
{"timestamp": "2025-07-03T20:16:31.270070Z", "level": "\u001b[91mERROR\u001b[0m", "logger": "github_storage", "message": "Unexpected status code 401 for whatsapp_status.json: {\"message\":\"Bad credentials\",\"documentation_url\":\"https://docs.github.com/rest\",\"status\":\"401\"}", "module": "github_storage", "function": "_get_file_content", "line": 203}
{"timestamp": "2025-07-03T20:16:31.270213Z", "level": "\u001b[91mERROR\u001b[0m", "logger": "github_storage", "message": "Unexpected error getting whatsapp_status.json: API error 401: {\"message\":\"Bad credentials\",\"documentation_url\":\"https://docs.github.com/rest\",\"status\":\"401\"}", "module": "github_storage", "function": "_get_file_content", "line": 221}
{"timestamp": "2025-07-03T20:16:32.307025Z", "level": "\u001b[91mERROR\u001b[0m", "logger": "github_storage", "message": "Unexpected status code 401 for whatsapp_status.json: {\"message\":\"Bad credentials\",\"documentation_url\":\"https://docs.github.com/rest\",\"status\":\"401\"}", "module": "github_storage", "function": "_get_file_content", "line": 203}
{"timestamp": "2025-07-03T20:16:32.307169Z", "level": "\u001b[91mERROR\u001b[0m", "logger": "github_storage", "message": "Unexpected error getting whatsapp_status.json: API error 401: {\"message\":\"Bad credentials\",\"documentation_url\":\"https://docs.github.com/rest\",\"status\":\"401\"}", "module": "github_storage", "function": "_get_file_content", "line": 221}
{"timestamp": "2025-07-03T20:16:32.307235Z", "level": "\u001b[91mERROR\u001b[0m", "logger": "whatsapp_integration", "message": "Error loading WhatsApp connection status: Unexpected error: API error 401: {\"message\":\"Bad credentials\",\"documentation_url\":\"https://docs.github.com/rest\",\"status\":\"401\"}", "module": "whatsapp_integration", "function": "_load_connection_state", "line": 73}
{"timestamp": "2025-07-03T20:16:32.313926Z", "level": "\u001b[92mINFO\u001b[0m", "logger": "message_queue", "message": "Message queue processing started", "module": "message_queue", "function": "start_processing", "line": 151}
{"timestamp": "2025-07-03T20:16:32.313998Z", "level": "\u001b[92mINFO\u001b[0m", "logger": "reminder_scheduler", "message": "Removed 0 existing reminder jobs", "module": "reminder_scheduler", "function": "setup_reminders", "line": 201}
{"timestamp": "2025-07-03T20:16:32.347998Z", "level": "\u001b[91mERROR\u001b[0m", "logger": "github_storage", "message": "Unexpected status code 401 for clients.json: {\"message\":\"Bad credentials\",\"documentation_url\":\"https://docs.github.com/rest\",\"status\":\"401\"}", "module": "github_storage", "function": "_get_file_content", "line": 203}
{"timestamp": "2025-07-03T20:16:32.348126Z", "level": "\u001b[91mERROR\u001b[0m", "logger": "github_storage", "message": "Unexpected error getting clients.json: API error 401: {\"message\":\"Bad credentials\",\"documentation_url\":\"https://docs.github.com/rest\",\"status\":\"401\"}", "module": "github_storage", "function": "_get_file_content", "line": 221}
{"timestamp": "2025-07-03T20:16:33.385109Z", "level": "\u001b[91mERROR\u001b[0m", "logger": "github_storage", "message": "Unexpected status code 401 for clients.json: {\"message\":\"Bad credentials\",\"documentation_url\":\"https://docs.github.com/rest\",\"status\":\"401\"}", "module": "github_storage", "function": "_get_file_content", "line": 203}
{"timestamp": "2025-07-03T20:16:33.385241Z", "level": "\u001b[91mERROR\u001b[0m", "logger": "github_storage", "message": "Unexpected error getting clients.json: API error 401: {\"message\":\"Bad credentials\",\"documentation_url\":\"https://docs.github.com/rest\",\"status\":\"401\"}", "module": "github_storage", "function": "_get_file_content", "line": 221}
{"timestamp": "2025-07-03T20:16:34.421659Z", "level": "\u001b[91mERROR\u001b[0m", "logger": "github_storage", "message": "Unexpected status code 401 for clients.json: {\"message\":\"Bad credentials\",\"documentation_url\":\"https://docs.github.com/rest\",\"status\":\"401\"}", "module": "github_storage", "function": "_get_file_content", "line": 203}
{"timestamp": "2025-07-03T20:16:34.421779Z", "level": "\u001b[91mERROR\u001b[0m", "logger": "github_storage", "message": "Unexpected error getting clients.json: API error 401: {\"message\":\"Bad credentials\",\"documentation_url\":\"https://docs.github.com/rest\",\"status\":\"401\"}", "module": "github_storage", "function": "_get_file_content", "line": 221}
{"timestamp": "2025-07-03T20:16:34.421835Z", "level": "\u001b[91mERROR\u001b[0m", "logger": "github_storage", "message": "GitHub storage error loading clients: Unexpected error: API error 401: {\"message\":\"Bad credentials\",\"documentation_url\":\"https://docs.github.com/rest\",\"status\":\"401\"}", "module": "github_storage", "function": "get_clients", "line": 407}
{"timestamp": "2025-07-03T20:16:34.421891Z", "level": "\u001b[91mERROR\u001b[0m", "logger": "reminder_scheduler", "message": "Error setting up reminders: Unexpected error: API error 401: {\"message\":\"Bad credentials\",\"documentation_url\":\"https://docs.github.com/rest\",\"status\":\"401\"}", "module": "reminder_scheduler", "function": "setup_reminders", "line": 248}
{"timestamp": "2025-07-03T20:16:34.422930Z", "level": "\u001b[91mERROR\u001b[0m", "logger": "reminder_scheduler", "message": "Traceback (most recent call last):\n  File \"/workspace/github_storage.py\", line 204, in _get_file_content\n    raise GitHubStorageError(f\"API error {response.status_code}: {response.text}\")\ngithub_storage.GitHubStorageError: API error 401: {\"message\":\"Bad credentials\",\"documentation_url\":\"https://docs.github.com/rest\",\"status\":\"401\"}\n\nDuring handling of the above exception, another exception occurred:\n\nTraceback (most recent call last):\n  File \"/workspace/reminder_scheduler.py\", line 205, in setup_reminders\n    clients = storage.get_clients()\n  File \"/workspace/github_storage.py\", line 384, in get_clients\n    file_data = self._get_file_content('clients.json')\n  File \"/workspace/github_storage.py\", line 223, in _get_file_content\n    raise GitHubStorageError(f\"Unexpected error: {str(e)}\")\ngithub_storage.GitHubStorageError: Unexpected error: API error 401: {\"message\":\"Bad credentials\",\"documentation_url\":\"https://docs.github.com/rest\",\"status\":\"401\"}\n", "module": "reminder_scheduler", "function": "setup_reminders", "line": 249}
{"timestamp": "2025-07-03T20:16:34.423708Z", "level": "\u001b[92mINFO\u001b[0m", "logger": "routes", "message": "Reminder scheduler configured successfully", "module": "app", "function": "<module>", "line": 47}
{"timestamp": "2025-07-03T20:16:34.476716Z", "level": "\u001b[91mERROR\u001b[0m", "logger": "github_storage", "message": "Unexpected status code 401 for clients.json: {\"message\":\"Bad credentials\",\"documentation_url\":\"https://docs.github.com/rest\",\"status\":\"401\"}", "module": "github_storage", "function": "_get_file_content", "line": 203}
{"timestamp": "2025-07-03T20:16:34.476830Z", "level": "\u001b[91mERROR\u001b[0m", "logger": "github_storage", "message": "Unexpected error getting clients.json: API error 401: {\"message\":\"Bad credentials\",\"documentation_url\":\"https://docs.github.com/rest\",\"status\":\"401\"}", "module": "github_storage", "function": "_get_file_content", "line": 221}
{"timestamp": "2025-07-03T20:16:35.515789Z", "level": "\u001b[91mERROR\u001b[0m", "logger": "github_storage", "message": "Unexpected status code 401 for clients.json: {\"message\":\"Bad credentials\",\"documentation_url\":\"https://docs.github.com/rest\",\"status\":\"401\"}", "module": "github_storage", "function": "_get_file_content", "line": 203}
{"timestamp": "2025-07-03T20:16:35.515926Z", "level": "\u001b[91mERROR\u001b[0m", "logger": "github_storage", "message": "Unexpected error getting clients.json: API error 401: {\"message\":\"Bad credentials\",\"documentation_url\":\"https://docs.github.com/rest\",\"status\":\"401\"}", "module": "github_storage", "function": "_get_file_content", "line": 221}
{"timestamp": "2025-07-03T20:16:36.555691Z", "level": "\u001b[91mERROR\u001b[0m", "logger": "github_storage", "message": "Unexpected status code 401 for clients.json: {\"message\":\"Bad credentials\",\"documentation_url\":\"https://docs.github.com/rest\",\"status\":\"401\"}", "module": "github_storage", "function": "_get_file_content", "line": 203}
{"timestamp": "2025-07-03T20:16:36.555815Z", "level": "\u001b[91mERROR\u001b[0m", "logger": "github_storage", "message": "Unexpected error getting clients.json: API error 401: {\"message\":\"Bad credentials\",\"documentation_url\":\"https://docs.github.com/rest\",\"status\":\"401\"}", "module": "github_storage", "function": "_get_file_content", "line": 221}
{"timestamp": "2025-07-03T20:16:36.555869Z", "level": "\u001b[91mERROR\u001b[0m", "logger": "github_storage", "message": "GitHub storage error loading clients: Unexpected error: API error 401: {\"message\":\"Bad credentials\",\"documentation_url\":\"https://docs.github.com/rest\",\"status\":\"401\"}", "module": "github_storage", "function": "get_clients", "line": 407}
{"timestamp": "2025-07-03T20:16:36.555921Z", "level": "\u001b[91mERROR\u001b[0m", "logger": "simple_cache", "message": "Failed to warm cache: Unexpected error: API error 401: {\"message\":\"Bad credentials\",\"documentation_url\":\"https://docs.github.com/rest\",\"status\":\"401\"}", "module": "simple_cache", "function": "warm_cache", "line": 364}
{"timestamp": "2025-07-03T20:16:36.556670Z", "level": "\u001b[92mINFO\u001b[0m", "logger": "routes", "message": "Cache warmed successfully", "module": "app", "function": "<module>", "line": 54}
{"timestamp": "2025-07-03T20:16:36.556718Z", "level": "\u001b[92mINFO\u001b[0m", "logger": "routes", "message": "Application initialized with all improvements", "module": "app", "function": "<module>", "line": 58}
{"timestamp": "2025-07-03T20:16:36.559001Z", "level": "\u001b[93mWARNING\u001b[0m", "logger": "werkzeug", "message": " * Debugger is active!", "module": "_internal", "function": "_log", "line": 187}
{"timestamp": "2025-07-03T20:16:36.559396Z", "level": "\u001b[92mINFO\u001b[0m", "logger": "werkzeug", "message": " * Debugger PIN: 856-964-203", "module": "_internal", "function": "_log", "line": 187}
{"timestamp": "2025-07-03T20:20:57.588582Z", "level": "\u001b[92mINFO\u001b[0m", "logger": "apscheduler.scheduler", "message": "Scheduler has been shut down", "module": "base", "function": "shutdown", "line": 212}
{"timestamp": "2025-07-03T20:20:57.652110Z", "level": "\u001b[92mINFO\u001b[0m", "logger": "apscheduler.scheduler", "message": "Scheduler has been shut down", "module": "base", "function": "shutdown", "line": 212}
{"timestamp": "2025-07-03T20:21:27.385805Z", "level": "\u001b[92mINFO\u001b[0m", "logger": "apscheduler.scheduler", "message": "Scheduler started", "module": "base", "function": "start", "line": 181}
{"timestamp": "2025-07-03T20:21:27.387427Z", "level": "\u001b[92mINFO\u001b[0m", "logger": "simple_cache", "message": "Cache cleanup scheduler started", "module": "simple_cache", "function": "schedule_cache_cleanup", "line": 409}
{"timestamp": "2025-07-03T20:21:27.387599Z", "level": "\u001b[92mINFO\u001b[0m", "logger": "backup_utils", "message": "Automatic backup scheduler started (6-hour interval)", "module": "backup_utils", "function": "schedule_automatic_backups", "line": 534}
{"timestamp": "2025-07-03T20:21:27.425300Z", "level": "\u001b[93mWARNING\u001b[0m", "logger": "github_storage", "message": "GitHub connection test failed: Invalid GitHub token or insufficient permissions", "module": "github_storage", "function": "_validate_configuration", "line": 54}
{"timestamp": "2025-07-03T20:21:27.473416Z", "level": "\u001b[91mERROR\u001b[0m", "logger": "github_storage", "message": "Unexpected status code 401 for whatsapp_status.json: {\"message\":\"Bad credentials\",\"documentation_url\":\"https://docs.github.com/rest\",\"status\":\"401\"}", "module": "github_storage", "function": "_get_file_content", "line": 203}
{"timestamp": "2025-07-03T20:21:27.473528Z", "level": "\u001b[91mERROR\u001b[0m", "logger": "github_storage", "message": "Unexpected error getting whatsapp_status.json: API error 401: {\"message\":\"Bad credentials\",\"documentation_url\":\"https://docs.github.com/rest\",\"status\":\"401\"}", "module": "github_storage", "function": "_get_file_content", "line": 221}
{"timestamp": "2025-07-03T20:21:28.506032Z", "level": "\u001b[91mERROR\u001b[0m", "logger": "github_storage", "message": "Unexpected status code 401 for whatsapp_status.json: {\"message\":\"Bad credentials\",\"documentation_url\":\"https://docs.github.com/rest\",\"status\":\"401\"}", "module": "github_storage", "function": "_get_file_content", "line": 203}
{"timestamp": "2025-07-03T20:21:28.506177Z", "level": "\u001b[91mERROR\u001b[0m", "logger": "github_storage", "message": "Unexpected error getting whatsapp_status.json: API error 401: {\"message\":\"Bad credentials\",\"documentation_url\":\"https://docs.github.com/rest\",\"status\":\"401\"}", "module": "github_storage", "function": "_get_file_content", "line": 221}
{"timestamp": "2025-07-03T20:21:29.550665Z", "level": "\u001b[91mERROR\u001b[0m", "logger": "github_storage", "message": "Unexpected status code 401 for whatsapp_status.json: {\"message\":\"Bad credentials\",\"documentation_url\":\"https://docs.github.com/rest\",\"status\":\"401\"}", "module": "github_storage", "function": "_get_file_content", "line": 203}
{"timestamp": "2025-07-03T20:21:29.550799Z", "level": "\u001b[91mERROR\u001b[0m", "logger": "github_storage", "message": "Unexpected error getting whatsapp_status.json: API error 401: {\"message\":\"Bad credentials\",\"documentation_url\":\"https://docs.github.com/rest\",\"status\":\"401\"}", "module": "github_storage", "function": "_get_file_content", "line": 221}
{"timestamp": "2025-07-03T20:21:29.550860Z", "level": "\u001b[91mERROR\u001b[0m", "logger": "whatsapp_integration", "message": "Error loading WhatsApp connection status: Unexpected error: API error 401: {\"message\":\"Bad credentials\",\"documentation_url\":\"https://docs.github.com/rest\",\"status\":\"401\"}", "module": "whatsapp_integration", "function": "_load_connection_state", "line": 73}
{"timestamp": "2025-07-03T20:21:29.557346Z", "level": "\u001b[92mINFO\u001b[0m", "logger": "message_queue", "message": "Message queue processing started", "module": "message_queue", "function": "start_processing", "line": 151}
{"timestamp": "2025-07-03T20:21:29.557426Z", "level": "\u001b[92mINFO\u001b[0m", "logger": "reminder_scheduler", "message": "Removed 0 existing reminder jobs", "module": "reminder_scheduler", "function": "setup_reminders", "line": 201}
{"timestamp": "2025-07-03T20:21:29.586702Z", "level": "\u001b[91mERROR\u001b[0m", "logger": "github_storage", "message": "Unexpected status code 401 for clients.json: {\"message\":\"Bad credentials\",\"documentation_url\":\"https://docs.github.com/rest\",\"status\":\"401\"}", "module": "github_storage", "function": "_get_file_content", "line": 203}
{"timestamp": "2025-07-03T20:21:29.586818Z", "level": "\u001b[91mERROR\u001b[0m", "logger": "github_storage", "message": "Unexpected error getting clients.json: API error 401: {\"message\":\"Bad credentials\",\"documentation_url\":\"https://docs.github.com/rest\",\"status\":\"401\"}", "module": "github_storage", "function": "_get_file_content", "line": 221}
{"timestamp": "2025-07-03T20:21:30.628445Z", "level": "\u001b[91mERROR\u001b[0m", "logger": "github_storage", "message": "Unexpected status code 401 for clients.json: {\"message\":\"Bad credentials\",\"documentation_url\":\"https://docs.github.com/rest\",\"status\":\"401\"}", "module": "github_storage", "function": "_get_file_content", "line": 203}
{"timestamp": "2025-07-03T20:21:30.628570Z", "level": "\u001b[91mERROR\u001b[0m", "logger": "github_storage", "message": "Unexpected error getting clients.json: API error 401: {\"message\":\"Bad credentials\",\"documentation_url\":\"https://docs.github.com/rest\",\"status\":\"401\"}", "module": "github_storage", "function": "_get_file_content", "line": 221}
{"timestamp": "2025-07-03T20:21:31.672582Z", "level": "\u001b[91mERROR\u001b[0m", "logger": "github_storage", "message": "Unexpected status code 401 for clients.json: {\"message\":\"Bad credentials\",\"documentation_url\":\"https://docs.github.com/rest\",\"status\":\"401\"}", "module": "github_storage", "function": "_get_file_content", "line": 203}
{"timestamp": "2025-07-03T20:21:31.672708Z", "level": "\u001b[91mERROR\u001b[0m", "logger": "github_storage", "message": "Unexpected error getting clients.json: API error 401: {\"message\":\"Bad credentials\",\"documentation_url\":\"https://docs.github.com/rest\",\"status\":\"401\"}", "module": "github_storage", "function": "_get_file_content", "line": 221}
{"timestamp": "2025-07-03T20:21:31.672765Z", "level": "\u001b[91mERROR\u001b[0m", "logger": "github_storage", "message": "GitHub storage error loading clients: Unexpected error: API error 401: {\"message\":\"Bad credentials\",\"documentation_url\":\"https://docs.github.com/rest\",\"status\":\"401\"}", "module": "github_storage", "function": "get_clients", "line": 407}
{"timestamp": "2025-07-03T20:21:31.672821Z", "level": "\u001b[91mERROR\u001b[0m", "logger": "reminder_scheduler", "message": "Error setting up reminders: Unexpected error: API error 401: {\"message\":\"Bad credentials\",\"documentation_url\":\"https://docs.github.com/rest\",\"status\":\"401\"}", "module": "reminder_scheduler", "function": "setup_reminders", "line": 248}
{"timestamp": "2025-07-03T20:21:31.673865Z", "level": "\u001b[91mERROR\u001b[0m", "logger": "reminder_scheduler", "message": "Traceback (most recent call last):\n  File \"/workspace/github_storage.py\", line 204, in _get_file_content\n    raise GitHubStorageError(f\"API error {response.status_code}: {response.text}\")\ngithub_storage.GitHubStorageError: API error 401: {\"message\":\"Bad credentials\",\"documentation_url\":\"https://docs.github.com/rest\",\"status\":\"401\"}\n\nDuring handling of the above exception, another exception occurred:\n\nTraceback (most recent call last):\n  File \"/workspace/reminder_scheduler.py\", line 205, in setup_reminders\n    clients = storage.get_clients()\n  File \"/workspace/github_storage.py\", line 384, in get_clients\n    file_data = self._get_file_content('clients.json')\n  File \"/workspace/github_storage.py\", line 223, in _get_file_content\n    raise GitHubStorageError(f\"Unexpected error: {str(e)}\")\ngithub_storage.GitHubStorageError: Unexpected error: API error 401: {\"message\":\"Bad credentials\",\"documentation_url\":\"https://docs.github.com/rest\",\"status\":\"401\"}\n", "module": "reminder_scheduler", "function": "setup_reminders", "line": 249}
{"timestamp": "2025-07-03T20:21:31.674709Z", "level": "\u001b[92mINFO\u001b[0m", "logger": "routes", "message": "Reminder scheduler configured successfully", "module": "app", "function": "<module>", "line": 47}
{"timestamp": "2025-07-03T20:21:31.711451Z", "level": "\u001b[91mERROR\u001b[0m", "logger": "github_storage", "message": "Unexpected status code 401 for clients.json: {\"message\":\"Bad credentials\",\"documentation_url\":\"https://docs.github.com/rest\",\"status\":\"401\"}", "module": "github_storage", "function": "_get_file_content", "line": 203}
{"timestamp": "2025-07-03T20:21:31.711552Z", "level": "\u001b[91mERROR\u001b[0m", "logger": "github_storage", "message": "Unexpected error getting clients.json: API error 401: {\"message\":\"Bad credentials\",\"documentation_url\":\"https://docs.github.com/rest\",\"status\":\"401\"}", "module": "github_storage", "function": "_get_file_content", "line": 221}
{"timestamp": "2025-07-03T20:21:32.749664Z", "level": "\u001b[91mERROR\u001b[0m", "logger": "github_storage", "message": "Unexpected status code 401 for clients.json: {\"message\":\"Bad credentials\",\"documentation_url\":\"https://docs.github.com/rest\",\"status\":\"401\"}", "module": "github_storage", "function": "_get_file_content", "line": 203}
{"timestamp": "2025-07-03T20:21:32.749790Z", "level": "\u001b[91mERROR\u001b[0m", "logger": "github_storage", "message": "Unexpected error getting clients.json: API error 401: {\"message\":\"Bad credentials\",\"documentation_url\":\"https://docs.github.com/rest\",\"status\":\"401\"}", "module": "github_storage", "function": "_get_file_content", "line": 221}
{"timestamp": "2025-07-03T20:21:33.789270Z", "level": "\u001b[91mERROR\u001b[0m", "logger": "github_storage", "message": "Unexpected status code 401 for clients.json: {\"message\":\"Bad credentials\",\"documentation_url\":\"https://docs.github.com/rest\",\"status\":\"401\"}", "module": "github_storage", "function": "_get_file_content", "line": 203}
{"timestamp": "2025-07-03T20:21:33.789394Z", "level": "\u001b[91mERROR\u001b[0m", "logger": "github_storage", "message": "Unexpected error getting clients.json: API error 401: {\"message\":\"Bad credentials\",\"documentation_url\":\"https://docs.github.com/rest\",\"status\":\"401\"}", "module": "github_storage", "function": "_get_file_content", "line": 221}
{"timestamp": "2025-07-03T20:21:33.789447Z", "level": "\u001b[91mERROR\u001b[0m", "logger": "github_storage", "message": "GitHub storage error loading clients: Unexpected error: API error 401: {\"message\":\"Bad credentials\",\"documentation_url\":\"https://docs.github.com/rest\",\"status\":\"401\"}", "module": "github_storage", "function": "get_clients", "line": 407}
{"timestamp": "2025-07-03T20:21:33.789499Z", "level": "\u001b[91mERROR\u001b[0m", "logger": "simple_cache", "message": "Failed to warm cache: Unexpected error: API error 401: {\"message\":\"Bad credentials\",\"documentation_url\":\"https://docs.github.com/rest\",\"status\":\"401\"}", "module": "simple_cache", "function": "warm_cache", "line": 364}
{"timestamp": "2025-07-03T20:21:33.790269Z", "level": "\u001b[92mINFO\u001b[0m", "logger": "routes", "message": "Cache warmed successfully", "module": "app", "function": "<module>", "line": 54}
{"timestamp": "2025-07-03T20:21:33.790319Z", "level": "\u001b[92mINFO\u001b[0m", "logger": "routes", "message": "Application initialized with all improvements", "module": "app", "function": "<module>", "line": 58}
{"timestamp": "2025-07-03T20:21:33.792474Z", "level": "\u001b[92mINFO\u001b[0m", "logger": "apscheduler.scheduler", "message": "Scheduler has been shut down", "module": "base", "function": "shutdown", "line": 212}
{"timestamp": "2025-07-03T20:27:42.333001Z", "level": "\u001b[92mINFO\u001b[0m", "logger": "apscheduler.scheduler", "message": "Scheduler started", "module": "base", "function": "start", "line": 181}
{"timestamp": "2025-07-03T20:27:42.334864Z", "level": "\u001b[92mINFO\u001b[0m", "logger": "simple_cache", "message": "Cache cleanup scheduler started", "module": "simple_cache", "function": "schedule_cache_cleanup", "line": 409}
{"timestamp": "2025-07-03T20:27:42.335032Z", "level": "\u001b[92mINFO\u001b[0m", "logger": "backup_utils", "message": "Automatic backup scheduler started (6-hour interval)", "module": "backup_utils", "function": "schedule_automatic_backups", "line": 534}
{"timestamp": "2025-07-03T20:27:42.361003Z", "level": "\u001b[92mINFO\u001b[0m", "logger": "github_storage", "message": "Running in development mode - using local storage", "module": "github_storage", "function": "__init__", "line": 32}
{"timestamp": "2025-07-03T20:27:42.361255Z", "level": "\u001b[92mINFO\u001b[0m", "logger": "github_storage", "message": "Created local file: clients.json", "module": "github_storage", "function": "_ensure_local_storage", "line": 73}
{"timestamp": "2025-07-03T20:27:42.361418Z", "level": "\u001b[92mINFO\u001b[0m", "logger": "github_storage", "message": "Created local file: message_templates.json", "module": "github_storage", "function": "_ensure_local_storage", "line": 73}
{"timestamp": "2025-07-03T20:27:42.361544Z", "level": "\u001b[92mINFO\u001b[0m", "logger": "github_storage", "message": "Created local file: whatsapp_status.json", "module": "github_storage", "function": "_ensure_local_storage", "line": 73}
{"timestamp": "2025-07-03T20:27:42.381142Z", "level": "\u001b[92mINFO\u001b[0m", "logger": "message_queue", "message": "Message queue processing started", "module": "message_queue", "function": "start_processing", "line": 151}
{"timestamp": "2025-07-03T20:27:42.381220Z", "level": "\u001b[92mINFO\u001b[0m", "logger": "reminder_scheduler", "message": "Removed 0 existing reminder jobs", "module": "reminder_scheduler", "function": "setup_reminders", "line": 201}
{"timestamp": "2025-07-03T20:27:42.381327Z", "level": "\u001b[92mINFO\u001b[0m", "logger": "github_storage", "message": "Loaded 0 clients from storage", "module": "github_storage", "function": "get_clients", "line": 352}
{"timestamp": "2025-07-03T20:27:42.381366Z", "level": "\u001b[92mINFO\u001b[0m", "logger": "reminder_scheduler", "message": "No clients found, no reminders to schedule", "module": "reminder_scheduler", "function": "setup_reminders", "line": 207}
{"timestamp": "2025-07-03T20:27:42.381401Z", "level": "\u001b[92mINFO\u001b[0m", "logger": "routes", "message": "Reminder scheduler configured successfully", "module": "app", "function": "<module>", "line": 47}
{"timestamp": "2025-07-03T20:27:42.381491Z", "level": "\u001b[92mINFO\u001b[0m", "logger": "github_storage", "message": "Loaded 0 clients from storage", "module": "github_storage", "function": "get_clients", "line": 352}
{"timestamp": "2025-07-03T20:27:42.381542Z", "level": "\u001b[92mINFO\u001b[0m", "logger": "simple_cache", "message": "Cache warmed with 0 clients and basic stats", "module": "simple_cache", "function": "warm_cache", "line": 361}
{"timestamp": "2025-07-03T20:27:42.381574Z", "level": "\u001b[92mINFO\u001b[0m", "logger": "routes", "message": "Cache warmed successfully", "module": "app", "function": "<module>", "line": 54}
{"timestamp": "2025-07-03T20:27:42.381602Z", "level": "\u001b[92mINFO\u001b[0m", "logger": "routes", "message": "Application initialized with all improvements", "module": "app", "function": "<module>", "line": 58}
{"timestamp": "2025-07-03T20:27:42.383827Z", "level": "\u001b[92mINFO\u001b[0m", "logger": "werkzeug", "message": "\u001b[31m\u001b[1mWARNING: This is a development server. Do not use it in a production deployment. Use a production WSGI server instead.\u001b[0m\n * Running on all addresses (0.0.0.0)\n * Running on http://127.0.0.1:5000\n * Running on http://172.17.0.4:5000", "module": "_internal", "function": "_log", "line": 187}
{"timestamp": "2025-07-03T20:27:42.383886Z", "level": "\u001b[92mINFO\u001b[0m", "logger": "werkzeug", "message": "\u001b[33mPress CTRL+C to quit\u001b[0m", "module": "_internal", "function": "_log", "line": 187}
{"timestamp": "2025-07-03T20:27:42.384291Z", "level": "\u001b[92mINFO\u001b[0m", "logger": "werkzeug", "message": " * Restarting with stat", "module": "_internal", "function": "_log", "line": 187}
{"timestamp": "2025-07-03T20:27:42.509503Z", "level": "\u001b[92mINFO\u001b[0m", "logger": "apscheduler.scheduler", "message": "Scheduler started", "module": "base", "function": "start", "line": 181}
{"timestamp": "2025-07-03T20:27:42.511338Z", "level": "\u001b[92mINFO\u001b[0m", "logger": "simple_cache", "message": "Cache cleanup scheduler started", "module": "simple_cache", "function": "schedule_cache_cleanup", "line": 409}
{"timestamp": "2025-07-03T20:27:42.511507Z", "level": "\u001b[92mINFO\u001b[0m", "logger": "backup_utils", "message": "Automatic backup scheduler started (6-hour interval)", "module": "backup_utils", "function": "schedule_automatic_backups", "line": 534}
{"timestamp": "2025-07-03T20:27:42.534359Z", "level": "\u001b[92mINFO\u001b[0m", "logger": "github_storage", "message": "Running in development mode - using local storage", "module": "github_storage", "function": "__init__", "line": 32}
{"timestamp": "2025-07-03T20:27:42.554227Z", "level": "\u001b[92mINFO\u001b[0m", "logger": "message_queue", "message": "Message queue processing started", "module": "message_queue", "function": "start_processing", "line": 151}
{"timestamp": "2025-07-03T20:27:42.554304Z", "level": "\u001b[92mINFO\u001b[0m", "logger": "reminder_scheduler", "message": "Removed 0 existing reminder jobs", "module": "reminder_scheduler", "function": "setup_reminders", "line": 201}
{"timestamp": "2025-07-03T20:27:42.554409Z", "level": "\u001b[92mINFO\u001b[0m", "logger": "github_storage", "message": "Loaded 0 clients from storage", "module": "github_storage", "function": "get_clients", "line": 352}
{"timestamp": "2025-07-03T20:27:42.554446Z", "level": "\u001b[92mINFO\u001b[0m", "logger": "reminder_scheduler", "message": "No clients found, no reminders to schedule", "module": "reminder_scheduler", "function": "setup_reminders", "line": 207}
{"timestamp": "2025-07-03T20:27:42.554480Z", "level": "\u001b[92mINFO\u001b[0m", "logger": "routes", "message": "Reminder scheduler configured successfully", "module": "app", "function": "<module>", "line": 47}
{"timestamp": "2025-07-03T20:27:42.554568Z", "level": "\u001b[92mINFO\u001b[0m", "logger": "github_storage", "message": "Loaded 0 clients from storage", "module": "github_storage", "function": "get_clients", "line": 352}
{"timestamp": "2025-07-03T20:27:42.554617Z", "level": "\u001b[92mINFO\u001b[0m", "logger": "simple_cache", "message": "Cache warmed with 0 clients and basic stats", "module": "simple_cache", "function": "warm_cache", "line": 361}
{"timestamp": "2025-07-03T20:27:42.554648Z", "level": "\u001b[92mINFO\u001b[0m", "logger": "routes", "message": "Cache warmed successfully", "module": "app", "function": "<module>", "line": 54}
{"timestamp": "2025-07-03T20:27:42.554675Z", "level": "\u001b[92mINFO\u001b[0m", "logger": "routes", "message": "Application initialized with all improvements", "module": "app", "function": "<module>", "line": 58}
{"timestamp": "2025-07-03T20:27:42.556601Z", "level": "\u001b[93mWARNING\u001b[0m", "logger": "werkzeug", "message": " * Debugger is active!", "module": "_internal", "function": "_log", "line": 187}
{"timestamp": "2025-07-03T20:27:42.556986Z", "level": "\u001b[92mINFO\u001b[0m", "logger": "werkzeug", "message": " * Debugger PIN: 856-964-203", "module": "_internal", "function": "_log", "line": 187}
{"timestamp": "2025-07-03T20:42:42.657652Z", "level": "\u001b[92mINFO\u001b[0m", "logger": "apscheduler.scheduler", "message": "Scheduler has been shut down", "module": "base", "function": "shutdown", "line": 212}
{"timestamp": "2025-07-03T20:42:42.721177Z", "level": "\u001b[92mINFO\u001b[0m", "logger": "apscheduler.scheduler", "message": "Scheduler has been shut down", "module": "base", "function": "shutdown", "line": 212}
{"timestamp": "2025-07-03T20:42:58.286902Z", "level": "\u001b[92mINFO\u001b[0m", "logger": "apscheduler.scheduler", "message": "Scheduler started", "module": "base", "function": "start", "line": 181}
{"timestamp": "2025-07-03T20:42:58.288748Z", "level": "\u001b[92mINFO\u001b[0m", "logger": "simple_cache", "message": "Cache cleanup scheduler started", "module": "simple_cache", "function": "schedule_cache_cleanup", "line": 409}
{"timestamp": "2025-07-03T20:42:58.288951Z", "level": "\u001b[92mINFO\u001b[0m", "logger": "backup_utils", "message": "Automatic backup scheduler started (6-hour interval)", "module": "backup_utils", "function": "schedule_automatic_backups", "line": 534}
{"timestamp": "2025-07-03T20:42:58.311886Z", "level": "\u001b[92mINFO\u001b[0m", "logger": "github_storage", "message": "Running in development mode - using local storage", "module": "github_storage", "function": "__init__", "line": 32}
{"timestamp": "2025-07-03T20:42:58.331954Z", "level": "\u001b[92mINFO\u001b[0m", "logger": "message_queue", "message": "Message queue processing started", "module": "message_queue", "function": "start_processing", "line": 151}
{"timestamp": "2025-07-03T20:42:58.332030Z", "level": "\u001b[92mINFO\u001b[0m", "logger": "reminder_scheduler", "message": "Removed 0 existing reminder jobs", "module": "reminder_scheduler", "function": "setup_reminders", "line": 201}
{"timestamp": "2025-07-03T20:42:58.332157Z", "level": "\u001b[92mINFO\u001b[0m", "logger": "github_storage", "message": "Loaded 0 clients from storage", "module": "github_storage", "function": "get_clients", "line": 352}
{"timestamp": "2025-07-03T20:42:58.332202Z", "level": "\u001b[92mINFO\u001b[0m", "logger": "reminder_scheduler", "message": "No clients found, no reminders to schedule", "module": "reminder_scheduler", "function": "setup_reminders", "line": 207}
{"timestamp": "2025-07-03T20:42:58.332239Z", "level": "\u001b[92mINFO\u001b[0m", "logger": "routes", "message": "Reminder scheduler configured successfully", "module": "app", "function": "<module>", "line": 47}
{"timestamp": "2025-07-03T20:42:58.332331Z", "level": "\u001b[92mINFO\u001b[0m", "logger": "github_storage", "message": "Loaded 0 clients from storage", "module": "github_storage", "function": "get_clients", "line": 352}
{"timestamp": "2025-07-03T20:42:58.332381Z", "level": "\u001b[92mINFO\u001b[0m", "logger": "simple_cache", "message": "Cache warmed with 0 clients and basic stats", "module": "simple_cache", "function": "warm_cache", "line": 361}
{"timestamp": "2025-07-03T20:42:58.332415Z", "level": "\u001b[92mINFO\u001b[0m", "logger": "routes", "message": "Cache warmed successfully", "module": "app", "function": "<module>", "line": 54}
{"timestamp": "2025-07-03T20:42:58.332443Z", "level": "\u001b[92mINFO\u001b[0m", "logger": "routes", "message": "Application initialized with all improvements", "module": "app", "function": "<module>", "line": 58}
{"timestamp": "2025-07-03T20:42:58.334667Z", "level": "\u001b[92mINFO\u001b[0m", "logger": "werkzeug", "message": "\u001b[31m\u001b[1mWARNING: This is a development server. Do not use it in a production deployment. Use a production WSGI server instead.\u001b[0m\n * Running on all addresses (0.0.0.0)\n * Running on http://127.0.0.1:5000\n * Running on http://172.17.0.4:5000", "module": "_internal", "function": "_log", "line": 187}
{"timestamp": "2025-07-03T20:42:58.334728Z", "level": "\u001b[92mINFO\u001b[0m", "logger": "werkzeug", "message": "\u001b[33mPress CTRL+C to quit\u001b[0m", "module": "_internal", "function": "_log", "line": 187}
{"timestamp": "2025-07-03T20:42:58.335141Z", "level": "\u001b[92mINFO\u001b[0m", "logger": "werkzeug", "message": " * Restarting with stat", "module": "_internal", "function": "_log", "line": 187}
{"timestamp": "2025-07-03T20:42:58.460526Z", "level": "\u001b[92mINFO\u001b[0m", "logger": "apscheduler.scheduler", "message": "Scheduler started", "module": "base", "function": "start", "line": 181}
{"timestamp": "2025-07-03T20:42:58.462366Z", "level": "\u001b[92mINFO\u001b[0m", "logger": "simple_cache", "message": "Cache cleanup scheduler started", "module": "simple_cache", "function": "schedule_cache_cleanup", "line": 409}
{"timestamp": "2025-07-03T20:42:58.462547Z", "level": "\u001b[92mINFO\u001b[0m", "logger": "backup_utils", "message": "Automatic backup scheduler started (6-hour interval)", "module": "backup_utils", "function": "schedule_automatic_backups", "line": 534}
{"timestamp": "2025-07-03T20:42:58.485309Z", "level": "\u001b[92mINFO\u001b[0m", "logger": "github_storage", "message": "Running in development mode - using local storage", "module": "github_storage", "function": "__init__", "line": 32}
{"timestamp": "2025-07-03T20:42:58.504992Z", "level": "\u001b[92mINFO\u001b[0m", "logger": "message_queue", "message": "Message queue processing started", "module": "message_queue", "function": "start_processing", "line": 151}
{"timestamp": "2025-07-03T20:42:58.505067Z", "level": "\u001b[92mINFO\u001b[0m", "logger": "reminder_scheduler", "message": "Removed 0 existing reminder jobs", "module": "reminder_scheduler", "function": "setup_reminders", "line": 201}
{"timestamp": "2025-07-03T20:42:58.505204Z", "level": "\u001b[92mINFO\u001b[0m", "logger": "github_storage", "message": "Loaded 0 clients from storage", "module": "github_storage", "function": "get_clients", "line": 352}
{"timestamp": "2025-07-03T20:42:58.505245Z", "level": "\u001b[92mINFO\u001b[0m", "logger": "reminder_scheduler", "message": "No clients found, no reminders to schedule", "module": "reminder_scheduler", "function": "setup_reminders", "line": 207}
{"timestamp": "2025-07-03T20:42:58.505278Z", "level": "\u001b[92mINFO\u001b[0m", "logger": "routes", "message": "Reminder scheduler configured successfully", "module": "app", "function": "<module>", "line": 47}
{"timestamp": "2025-07-03T20:42:58.505366Z", "level": "\u001b[92mINFO\u001b[0m", "logger": "github_storage", "message": "Loaded 0 clients from storage", "module": "github_storage", "function": "get_clients", "line": 352}
{"timestamp": "2025-07-03T20:42:58.505413Z", "level": "\u001b[92mINFO\u001b[0m", "logger": "simple_cache", "message": "Cache warmed with 0 clients and basic stats", "module": "simple_cache", "function": "warm_cache", "line": 361}
{"timestamp": "2025-07-03T20:42:58.505445Z", "level": "\u001b[92mINFO\u001b[0m", "logger": "routes", "message": "Cache warmed successfully", "module": "app", "function": "<module>", "line": 54}
{"timestamp": "2025-07-03T20:42:58.505471Z", "level": "\u001b[92mINFO\u001b[0m", "logger": "routes", "message": "Application initialized with all improvements", "module": "app", "function": "<module>", "line": 58}
{"timestamp": "2025-07-03T20:42:58.507314Z", "level": "\u001b[93mWARNING\u001b[0m", "logger": "werkzeug", "message": " * Debugger is active!", "module": "_internal", "function": "_log", "line": 187}
{"timestamp": "2025-07-03T20:42:58.507702Z", "level": "\u001b[92mINFO\u001b[0m", "logger": "werkzeug", "message": " * Debugger PIN: 856-964-203", "module": "_internal", "function": "_log", "line": 187}
{"timestamp": "2025-07-03T20:43:51.828979Z", "level": "\u001b[92mINFO\u001b[0m", "logger": "github_storage", "message": "Loaded 0 clients from storage", "module": "github_storage", "function": "get_clients", "line": 352}
{"timestamp": "2025-07-03T20:43:51.829106Z", "level": "\u001b[92mINFO\u001b[0m", "logger": "app", "message": "Action: dashboard_stats_calculated", "module": "logger_config", "function": "log_action", "line": 201, "extra": {"action": "dashboard_stats_calculated", "timestamp": "2025-07-03T20:43:51.829050Z", "total_clients": 0, "user_ip": "127.0.0.1"}}
{"timestamp": "2025-07-03T20:43:51.829210Z", "level": "\u001b[92mINFO\u001b[0m", "logger": "github_storage", "message": "Loaded 0 clients from storage", "module": "github_storage", "function": "get_clients", "line": 352}
{"timestamp": "2025-07-03T20:43:51.838546Z", "level": "\u001b[92mINFO\u001b[0m", "logger": "werkzeug", "message": "127.0.0.1 - - [03/Jul/2025 20:43:51] \"GET / HTTP/1.1\" 200 -", "module": "_internal", "function": "_log", "line": 187}
{"timestamp": "2025-07-03T20:49:08.065288Z", "level": "\u001b[92mINFO\u001b[0m", "logger": "werkzeug", "message": " * Detected change in '/workspace/whatsapp_integration.py', reloading", "module": "_internal", "function": "_log", "line": 187}
{"timestamp": "2025-07-03T20:49:08.065533Z", "level": "\u001b[92mINFO\u001b[0m", "logger": "apscheduler.scheduler", "message": "Scheduler has been shut down", "module": "base", "function": "shutdown", "line": 212}
{"timestamp": "2025-07-03T20:49:08.096376Z", "level": "\u001b[92mINFO\u001b[0m", "logger": "werkzeug", "message": " * Restarting with stat", "module": "_internal", "function": "_log", "line": 187}
{"timestamp": "2025-07-03T20:49:08.223209Z", "level": "\u001b[92mINFO\u001b[0m", "logger": "apscheduler.scheduler", "message": "Scheduler started", "module": "base", "function": "start", "line": 181}
{"timestamp": "2025-07-03T20:49:08.225049Z", "level": "\u001b[92mINFO\u001b[0m", "logger": "simple_cache", "message": "Cache cleanup scheduler started", "module": "simple_cache", "function": "schedule_cache_cleanup", "line": 409}
{"timestamp": "2025-07-03T20:49:08.225242Z", "level": "\u001b[92mINFO\u001b[0m", "logger": "backup_utils", "message": "Automatic backup scheduler started (6-hour interval)", "module": "backup_utils", "function": "schedule_automatic_backups", "line": 534}
{"timestamp": "2025-07-03T20:49:08.248201Z", "level": "\u001b[92mINFO\u001b[0m", "logger": "github_storage", "message": "Running in development mode - using local storage", "module": "github_storage", "function": "__init__", "line": 32}
{"timestamp": "2025-07-03T20:49:08.252840Z", "level": "\u001b[92mINFO\u001b[0m", "logger": "apscheduler.scheduler", "message": "Scheduler has been shut down", "module": "base", "function": "shutdown", "line": 212}
{"timestamp": "2025-07-03T20:49:08.278727Z", "level": "\u001b[92mINFO\u001b[0m", "logger": "apscheduler.scheduler", "message": "Scheduler has been shut down", "module": "base", "function": "shutdown", "line": 212}
{"timestamp": "2025-07-04T09:40:23.264255Z", "level": "\u001b[92mINFO\u001b[0m", "logger": "apscheduler.scheduler", "message": "Scheduler started", "module": "base", "function": "start", "line": 181}
{"timestamp": "2025-07-04T09:40:23.264852Z", "level": "\u001b[92mINFO\u001b[0m", "logger": "simple_cache", "message": "Cache cleanup scheduler started", "module": "simple_cache", "function": "schedule_cache_cleanup", "line": 409}
{"timestamp": "2025-07-04T09:40:23.265091Z", "level": "\u001b[92mINFO\u001b[0m", "logger": "backup_utils", "message": "Automatic backup scheduler started (6-hour interval)", "module": "backup_utils", "function": "schedule_automatic_backups", "line": 534}
{"timestamp": "2025-07-04T09:40:23.297821Z", "level": "\u001b[92mINFO\u001b[0m", "logger": "github_storage", "message": "Running in development mode - using local storage", "module": "github_storage", "function": "__init__", "line": 32}
{"timestamp": "2025-07-04T09:40:23.302138Z", "level": "\u001b[92mINFO\u001b[0m", "logger": "message_queue", "message": "Message queue processing started", "module": "message_queue", "function": "start_processing", "line": 151}
{"timestamp": "2025-07-04T09:40:23.302224Z", "level": "\u001b[92mINFO\u001b[0m", "logger": "reminder_scheduler", "message": "Removed 0 existing reminder jobs", "module": "reminder_scheduler", "function": "setup_reminders", "line": 201}
{"timestamp": "2025-07-04T09:40:23.302342Z", "level": "\u001b[92mINFO\u001b[0m", "logger": "github_storage", "message": "Loaded 0 clients from storage", "module": "github_storage", "function": "get_clients", "line": 352}
{"timestamp": "2025-07-04T09:40:23.302389Z", "level": "\u001b[92mINFO\u001b[0m", "logger": "reminder_scheduler", "message": "No clients found, no reminders to schedule", "module": "reminder_scheduler", "function": "setup_reminders", "line": 207}
{"timestamp": "2025-07-04T09:40:23.302462Z", "level": "\u001b[92mINFO\u001b[0m", "logger": "root", "message": "Reminder scheduler configured successfully", "module": "app", "function": "<module>", "line": 47}
{"timestamp": "2025-07-04T09:40:23.302569Z", "level": "\u001b[92mINFO\u001b[0m", "logger": "github_storage", "message": "Loaded 0 clients from storage", "module": "github_storage", "function": "get_clients", "line": 352}
{"timestamp": "2025-07-04T09:40:23.302633Z", "level": "\u001b[92mINFO\u001b[0m", "logger": "simple_cache", "message": "Cache warmed with 0 clients and basic stats", "module": "simple_cache", "function": "warm_cache", "line": 361}
{"timestamp": "2025-07-04T09:40:23.302671Z", "level": "\u001b[92mINFO\u001b[0m", "logger": "root", "message": "Cache warmed successfully", "module": "app", "function": "<module>", "line": 54}
{"timestamp": "2025-07-04T09:40:23.302705Z", "level": "\u001b[92mINFO\u001b[0m", "logger": "root", "message": "Application initialized with all improvements", "module": "app", "function": "<module>", "line": 58}
{"timestamp": "2025-07-04T09:40:23.324699Z", "level": "\u001b[92mINFO\u001b[0m", "logger": "apscheduler.scheduler", "message": "Scheduler has been shut down", "module": "base", "function": "shutdown", "line": 212}
{"timestamp": "2025-07-04T09:40:34.743339Z", "level": "\u001b[92mINFO\u001b[0m", "logger": "apscheduler.scheduler", "message": "Scheduler started", "module": "base", "function": "start", "line": 181}
{"timestamp": "2025-07-04T09:40:34.745858Z", "level": "\u001b[92mINFO\u001b[0m", "logger": "simple_cache", "message": "Cache cleanup scheduler started", "module": "simple_cache", "function": "schedule_cache_cleanup", "line": 409}
{"timestamp": "2025-07-04T09:40:34.746041Z", "level": "\u001b[92mINFO\u001b[0m", "logger": "backup_utils", "message": "Automatic backup scheduler started (6-hour interval)", "module": "backup_utils", "function": "schedule_automatic_backups", "line": 534}
{"timestamp": "2025-07-04T09:40:34.771054Z", "level": "\u001b[92mINFO\u001b[0m", "logger": "github_storage", "message": "Running in development mode - using local storage", "module": "github_storage", "function": "__init__", "line": 32}
{"timestamp": "2025-07-04T09:40:34.793107Z", "level": "\u001b[92mINFO\u001b[0m", "logger": "message_queue", "message": "Message queue processing started", "module": "message_queue", "function": "start_processing", "line": 151}
{"timestamp": "2025-07-04T09:40:34.793200Z", "level": "\u001b[92mINFO\u001b[0m", "logger": "reminder_scheduler", "message": "Removed 0 existing reminder jobs", "module": "reminder_scheduler", "function": "setup_reminders", "line": 201}
{"timestamp": "2025-07-04T09:40:34.793324Z", "level": "\u001b[92mINFO\u001b[0m", "logger": "github_storage", "message": "Loaded 0 clients from storage", "module": "github_storage", "function": "get_clients", "line": 352}
{"timestamp": "2025-07-04T09:40:34.793366Z", "level": "\u001b[92mINFO\u001b[0m", "logger": "reminder_scheduler", "message": "No clients found, no reminders to schedule", "module": "reminder_scheduler", "function": "setup_reminders", "line": 207}
{"timestamp": "2025-07-04T09:40:34.793426Z", "level": "\u001b[92mINFO\u001b[0m", "logger": "routes", "message": "Reminder scheduler configured successfully", "module": "app", "function": "<module>", "line": 47}
{"timestamp": "2025-07-04T09:40:34.793523Z", "level": "\u001b[92mINFO\u001b[0m", "logger": "github_storage", "message": "Loaded 0 clients from storage", "module": "github_storage", "function": "get_clients", "line": 352}
{"timestamp": "2025-07-04T09:40:34.793582Z", "level": "\u001b[92mINFO\u001b[0m", "logger": "simple_cache", "message": "Cache warmed with 0 clients and basic stats", "module": "simple_cache", "function": "warm_cache", "line": 361}
{"timestamp": "2025-07-04T09:40:34.793623Z", "level": "\u001b[92mINFO\u001b[0m", "logger": "routes", "message": "Cache warmed successfully", "module": "app", "function": "<module>", "line": 54}
{"timestamp": "2025-07-04T09:40:34.793656Z", "level": "\u001b[92mINFO\u001b[0m", "logger": "routes", "message": "Application initialized with all improvements", "module": "app", "function": "<module>", "line": 58}
{"timestamp": "2025-07-04T09:40:34.798035Z", "level": "\u001b[92mINFO\u001b[0m", "logger": "werkzeug", "message": "\u001b[31m\u001b[1mWARNING: This is a development server. Do not use it in a production deployment. Use a production WSGI server instead.\u001b[0m\n * Running on all addresses (0.0.0.0)\n * Running on http://127.0.0.1:5000\n * Running on http://172.17.0.4:5000", "module": "_internal", "function": "_log", "line": 187}
{"timestamp": "2025-07-04T09:40:34.798096Z", "level": "\u001b[92mINFO\u001b[0m", "logger": "werkzeug", "message": "\u001b[33mPress CTRL+C to quit\u001b[0m", "module": "_internal", "function": "_log", "line": 187}
{"timestamp": "2025-07-04T09:40:34.798595Z", "level": "\u001b[92mINFO\u001b[0m", "logger": "werkzeug", "message": " * Restarting with stat", "module": "_internal", "function": "_log", "line": 187}
{"timestamp": "2025-07-04T09:40:34.928312Z", "level": "\u001b[92mINFO\u001b[0m", "logger": "apscheduler.scheduler", "message": "Scheduler started", "module": "base", "function": "start", "line": 181}
{"timestamp": "2025-07-04T09:40:34.930945Z", "level": "\u001b[92mINFO\u001b[0m", "logger": "simple_cache", "message": "Cache cleanup scheduler started", "module": "simple_cache", "function": "schedule_cache_cleanup", "line": 409}
{"timestamp": "2025-07-04T09:40:34.931193Z", "level": "\u001b[92mINFO\u001b[0m", "logger": "backup_utils", "message": "Automatic backup scheduler started (6-hour interval)", "module": "backup_utils", "function": "schedule_automatic_backups", "line": 534}
{"timestamp": "2025-07-04T09:40:34.956254Z", "level": "\u001b[92mINFO\u001b[0m", "logger": "github_storage", "message": "Running in development mode - using local storage", "module": "github_storage", "function": "__init__", "line": 32}
{"timestamp": "2025-07-04T09:40:34.977553Z", "level": "\u001b[92mINFO\u001b[0m", "logger": "message_queue", "message": "Message queue processing started", "module": "message_queue", "function": "start_processing", "line": 151}
{"timestamp": "2025-07-04T09:40:34.977628Z", "level": "\u001b[92mINFO\u001b[0m", "logger": "reminder_scheduler", "message": "Removed 0 existing reminder jobs", "module": "reminder_scheduler", "function": "setup_reminders", "line": 201}
{"timestamp": "2025-07-04T09:40:34.977739Z", "level": "\u001b[92mINFO\u001b[0m", "logger": "github_storage", "message": "Loaded 0 clients from storage", "module": "github_storage", "function": "get_clients", "line": 352}
{"timestamp": "2025-07-04T09:40:34.977786Z", "level": "\u001b[92mINFO\u001b[0m", "logger": "reminder_scheduler", "message": "No clients found, no reminders to schedule", "module": "reminder_scheduler", "function": "setup_reminders", "line": 207}
{"timestamp": "2025-07-04T09:40:34.977829Z", "level": "\u001b[92mINFO\u001b[0m", "logger": "routes", "message": "Reminder scheduler configured successfully", "module": "app", "function": "<module>", "line": 47}
{"timestamp": "2025-07-04T09:40:34.977914Z", "level": "\u001b[92mINFO\u001b[0m", "logger": "github_storage", "message": "Loaded 0 clients from storage", "module": "github_storage", "function": "get_clients", "line": 352}
{"timestamp": "2025-07-04T09:40:34.977960Z", "level": "\u001b[92mINFO\u001b[0m", "logger": "simple_cache", "message": "Cache warmed with 0 clients and basic stats", "module": "simple_cache", "function": "warm_cache", "line": 361}
{"timestamp": "2025-07-04T09:40:34.977999Z", "level": "\u001b[92mINFO\u001b[0m", "logger": "routes", "message": "Cache warmed successfully", "module": "app", "function": "<module>", "line": 54}
{"timestamp": "2025-07-04T09:40:34.978030Z", "level": "\u001b[92mINFO\u001b[0m", "logger": "routes", "message": "Application initialized with all improvements", "module": "app", "function": "<module>", "line": 58}
{"timestamp": "2025-07-04T09:40:34.981517Z", "level": "\u001b[93mWARNING\u001b[0m", "logger": "werkzeug", "message": " * Debugger is active!", "module": "_internal", "function": "_log", "line": 187}
{"timestamp": "2025-07-04T09:40:34.981822Z", "level": "\u001b[92mINFO\u001b[0m", "logger": "werkzeug", "message": " * Debugger PIN: 123-768-400", "module": "_internal", "function": "_log", "line": 187}
{"timestamp": "2025-07-04T09:40:44.614839Z", "level": "\u001b[92mINFO\u001b[0m", "logger": "apscheduler.scheduler", "message": "Scheduler has been shut down", "module": "base", "function": "shutdown", "line": 212}
{"timestamp": "2025-07-04T09:42:57.814533Z", "level": "\u001b[92mINFO\u001b[0m", "logger": "apscheduler.scheduler", "message": "Scheduler started", "module": "base", "function": "start", "line": 181}
{"timestamp": "2025-07-04T09:42:57.816929Z", "level": "\u001b[92mINFO\u001b[0m", "logger": "simple_cache", "message": "Cache cleanup scheduler started", "module": "simple_cache", "function": "schedule_cache_cleanup", "line": 409}
{"timestamp": "2025-07-04T09:42:57.817117Z", "level": "\u001b[92mINFO\u001b[0m", "logger": "backup_utils", "message": "Automatic backup scheduler started (6-hour interval)", "module": "backup_utils", "function": "schedule_automatic_backups", "line": 534}
{"timestamp": "2025-07-04T09:42:57.843837Z", "level": "\u001b[92mINFO\u001b[0m", "logger": "github_storage", "message": "Running in development mode - using local storage", "module": "github_storage", "function": "__init__", "line": 32}
{"timestamp": "2025-07-04T09:42:57.864117Z", "level": "\u001b[92mINFO\u001b[0m", "logger": "message_queue", "message": "Message queue processing started", "module": "message_queue", "function": "start_processing", "line": 151}
{"timestamp": "2025-07-04T09:42:57.864187Z", "level": "\u001b[92mINFO\u001b[0m", "logger": "reminder_scheduler", "message": "Removed 0 existing reminder jobs", "module": "reminder_scheduler", "function": "setup_reminders", "line": 201}
{"timestamp": "2025-07-04T09:42:57.864286Z", "level": "\u001b[92mINFO\u001b[0m", "logger": "github_storage", "message": "Loaded 0 clients from storage", "module": "github_storage", "function": "get_clients", "line": 362}
{"timestamp": "2025-07-04T09:42:57.864323Z", "level": "\u001b[92mINFO\u001b[0m", "logger": "reminder_scheduler", "message": "No clients found, no reminders to schedule", "module": "reminder_scheduler", "function": "setup_reminders", "line": 207}
{"timestamp": "2025-07-04T09:42:57.864364Z", "level": "\u001b[92mINFO\u001b[0m", "logger": "routes", "message": "Reminder scheduler configured successfully", "module": "app", "function": "<module>", "line": 47}
{"timestamp": "2025-07-04T09:42:57.864492Z", "level": "\u001b[92mINFO\u001b[0m", "logger": "github_storage", "message": "Loaded 0 clients from storage", "module": "github_storage", "function": "get_clients", "line": 362}
{"timestamp": "2025-07-04T09:42:57.864544Z", "level": "\u001b[92mINFO\u001b[0m", "logger": "simple_cache", "message": "Cache warmed with 0 clients and basic stats", "module": "simple_cache", "function": "warm_cache", "line": 361}
{"timestamp": "2025-07-04T09:42:57.864573Z", "level": "\u001b[92mINFO\u001b[0m", "logger": "routes", "message": "Cache warmed successfully", "module": "app", "function": "<module>", "line": 54}
{"timestamp": "2025-07-04T09:42:57.864598Z", "level": "\u001b[92mINFO\u001b[0m", "logger": "routes", "message": "Application initialized with all improvements", "module": "app", "function": "<module>", "line": 58}
{"timestamp": "2025-07-04T09:42:57.868674Z", "level": "\u001b[92mINFO\u001b[0m", "logger": "werkzeug", "message": "\u001b[31m\u001b[1mWARNING: This is a development server. Do not use it in a production deployment. Use a production WSGI server instead.\u001b[0m\n * Running on all addresses (0.0.0.0)\n * Running on http://127.0.0.1:5000\n * Running on http://172.17.0.4:5000", "module": "_internal", "function": "_log", "line": 187}
{"timestamp": "2025-07-04T09:42:57.868737Z", "level": "\u001b[92mINFO\u001b[0m", "logger": "werkzeug", "message": "\u001b[33mPress CTRL+C to quit\u001b[0m", "module": "_internal", "function": "_log", "line": 187}
{"timestamp": "2025-07-04T09:42:57.869186Z", "level": "\u001b[92mINFO\u001b[0m", "logger": "werkzeug", "message": " * Restarting with stat", "module": "_internal", "function": "_log", "line": 187}
{"timestamp": "2025-07-04T09:42:57.997297Z", "level": "\u001b[92mINFO\u001b[0m", "logger": "apscheduler.scheduler", "message": "Scheduler started", "module": "base", "function": "start", "line": 181}
{"timestamp": "2025-07-04T09:42:57.999950Z", "level": "\u001b[92mINFO\u001b[0m", "logger": "simple_cache", "message": "Cache cleanup scheduler started", "module": "simple_cache", "function": "schedule_cache_cleanup", "line": 409}
{"timestamp": "2025-07-04T09:42:58.000151Z", "level": "\u001b[92mINFO\u001b[0m", "logger": "backup_utils", "message": "Automatic backup scheduler started (6-hour interval)", "module": "backup_utils", "function": "schedule_automatic_backups", "line": 534}
{"timestamp": "2025-07-04T09:42:58.023480Z", "level": "\u001b[92mINFO\u001b[0m", "logger": "github_storage", "message": "Running in development mode - using local storage", "module": "github_storage", "function": "__init__", "line": 32}
{"timestamp": "2025-07-04T09:42:58.044323Z", "level": "\u001b[92mINFO\u001b[0m", "logger": "message_queue", "message": "Message queue processing started", "module": "message_queue", "function": "start_processing", "line": 151}
{"timestamp": "2025-07-04T09:42:58.044422Z", "level": "\u001b[92mINFO\u001b[0m", "logger": "reminder_scheduler", "message": "Removed 0 existing reminder jobs", "module": "reminder_scheduler", "function": "setup_reminders", "line": 201}
{"timestamp": "2025-07-04T09:42:58.044531Z", "level": "\u001b[92mINFO\u001b[0m", "logger": "github_storage", "message": "Loaded 0 clients from storage", "module": "github_storage", "function": "get_clients", "line": 362}
{"timestamp": "2025-07-04T09:42:58.044566Z", "level": "\u001b[92mINFO\u001b[0m", "logger": "reminder_scheduler", "message": "No clients found, no reminders to schedule", "module": "reminder_scheduler", "function": "setup_reminders", "line": 207}
{"timestamp": "2025-07-04T09:42:58.044601Z", "level": "\u001b[92mINFO\u001b[0m", "logger": "routes", "message": "Reminder scheduler configured successfully", "module": "app", "function": "<module>", "line": 47}
{"timestamp": "2025-07-04T09:42:58.044677Z", "level": "\u001b[92mINFO\u001b[0m", "logger": "github_storage", "message": "Loaded 0 clients from storage", "module": "github_storage", "function": "get_clients", "line": 362}
{"timestamp": "2025-07-04T09:42:58.044721Z", "level": "\u001b[92mINFO\u001b[0m", "logger": "simple_cache", "message": "Cache warmed with 0 clients and basic stats", "module": "simple_cache", "function": "warm_cache", "line": 361}
{"timestamp": "2025-07-04T09:42:58.044751Z", "level": "\u001b[92mINFO\u001b[0m", "logger": "routes", "message": "Cache warmed successfully", "module": "app", "function": "<module>", "line": 54}
{"timestamp": "2025-07-04T09:42:58.044783Z", "level": "\u001b[92mINFO\u001b[0m", "logger": "routes", "message": "Application initialized with all improvements", "module": "app", "function": "<module>", "line": 58}
{"timestamp": "2025-07-04T09:42:58.048256Z", "level": "\u001b[93mWARNING\u001b[0m", "logger": "werkzeug", "message": " * Debugger is active!", "module": "_internal", "function": "_log", "line": 187}
{"timestamp": "2025-07-04T09:42:58.048560Z", "level": "\u001b[92mINFO\u001b[0m", "logger": "werkzeug", "message": " * Debugger PIN: 123-768-400", "module": "_internal", "function": "_log", "line": 187}
{"timestamp": "2025-07-04T09:43:07.688310Z", "level": "\u001b[92mINFO\u001b[0m", "logger": "apscheduler.scheduler", "message": "Scheduler has been shut down", "module": "base", "function": "shutdown", "line": 212}
{"timestamp": "2025-07-04T09:43:25.135875Z", "level": "\u001b[92mINFO\u001b[0m", "logger": "apscheduler.scheduler", "message": "Scheduler started", "module": "base", "function": "start", "line": 181}
{"timestamp": "2025-07-04T09:43:25.138374Z", "level": "\u001b[92mINFO\u001b[0m", "logger": "simple_cache", "message": "Cache cleanup scheduler started", "module": "simple_cache", "function": "schedule_cache_cleanup", "line": 409}
{"timestamp": "2025-07-04T09:43:25.138827Z", "level": "\u001b[92mINFO\u001b[0m", "logger": "backup_utils", "message": "Automatic backup scheduler started (6-hour interval)", "module": "backup_utils", "function": "schedule_automatic_backups", "line": 534}
{"timestamp": "2025-07-04T09:43:25.162433Z", "level": "\u001b[92mINFO\u001b[0m", "logger": "github_storage", "message": "Running in development mode - using local storage", "module": "github_storage", "function": "__init__", "line": 32}
{"timestamp": "2025-07-04T09:43:25.183569Z", "level": "\u001b[92mINFO\u001b[0m", "logger": "message_queue", "message": "Message queue processing started", "module": "message_queue", "function": "start_processing", "line": 151}
{"timestamp": "2025-07-04T09:43:25.183645Z", "level": "\u001b[92mINFO\u001b[0m", "logger": "reminder_scheduler", "message": "Removed 0 existing reminder jobs", "module": "reminder_scheduler", "function": "setup_reminders", "line": 201}
{"timestamp": "2025-07-04T09:43:25.183751Z", "level": "\u001b[92mINFO\u001b[0m", "logger": "github_storage", "message": "Loaded 0 clients from storage", "module": "github_storage", "function": "get_clients", "line": 362}
{"timestamp": "2025-07-04T09:43:25.183785Z", "level": "\u001b[92mINFO\u001b[0m", "logger": "reminder_scheduler", "message": "No clients found, no reminders to schedule", "module": "reminder_scheduler", "function": "setup_reminders", "line": 207}
{"timestamp": "2025-07-04T09:43:25.183817Z", "level": "\u001b[92mINFO\u001b[0m", "logger": "routes", "message": "Reminder scheduler configured successfully", "module": "app", "function": "<module>", "line": 47}
{"timestamp": "2025-07-04T09:43:25.183893Z", "level": "\u001b[92mINFO\u001b[0m", "logger": "github_storage", "message": "Loaded 0 clients from storage", "module": "github_storage", "function": "get_clients", "line": 362}
{"timestamp": "2025-07-04T09:43:25.183939Z", "level": "\u001b[92mINFO\u001b[0m", "logger": "simple_cache", "message": "Cache warmed with 0 clients and basic stats", "module": "simple_cache", "function": "warm_cache", "line": 361}
{"timestamp": "2025-07-04T09:43:25.183970Z", "level": "\u001b[92mINFO\u001b[0m", "logger": "routes", "message": "Cache warmed successfully", "module": "app", "function": "<module>", "line": 54}
{"timestamp": "2025-07-04T09:43:25.183996Z", "level": "\u001b[92mINFO\u001b[0m", "logger": "routes", "message": "Application initialized with all improvements", "module": "app", "function": "<module>", "line": 58}
{"timestamp": "2025-07-04T09:43:25.184058Z", "level": "\u001b[92mINFO\u001b[0m", "logger": "github_storage", "message": "Running in development mode - using local storage", "module": "github_storage", "function": "__init__", "line": 32}
{"timestamp": "2025-07-04T09:43:25.184150Z", "level": "\u001b[92mINFO\u001b[0m", "logger": "github_storage", "message": "Loaded 0 clients from storage", "module": "github_storage", "function": "get_clients", "line": 362}
{"timestamp": "2025-07-04T09:43:25.184283Z", "level": "\u001b[92mINFO\u001b[0m", "logger": "apscheduler.scheduler", "message": "Scheduler has been shut down", "module": "base", "function": "shutdown", "line": 212}
{"timestamp": "2025-07-04T10:01:37.897724Z", "level": "\u001b[92mINFO\u001b[0m", "logger": "apscheduler.scheduler", "message": "Scheduler started", "module": "base", "function": "start", "line": 181}
{"timestamp": "2025-07-04T10:01:37.902120Z", "level": "\u001b[92mINFO\u001b[0m", "logger": "simple_cache", "message": "Cache cleanup scheduler started", "module": "simple_cache", "function": "schedule_cache_cleanup", "line": 409}
{"timestamp": "2025-07-04T10:01:37.902328Z", "level": "\u001b[92mINFO\u001b[0m", "logger": "backup_utils", "message": "Automatic backup scheduler started (6-hour interval)", "module": "backup_utils", "function": "schedule_automatic_backups", "line": 534}
{"timestamp": "2025-07-04T10:01:37.934714Z", "level": "\u001b[92mINFO\u001b[0m", "logger": "github_storage", "message": "Running in development mode - using local storage", "module": "github_storage", "function": "__init__", "line": 32}
{"timestamp": "2025-07-04T10:01:37.940674Z", "level": "\u001b[92mINFO\u001b[0m", "logger": "github_storage", "message": "No ai_config.json found, returning default configuration", "module": "github_storage", "function": "get_ai_configuration", "line": 647}
{"timestamp": "2025-07-04T10:01:37.940750Z", "level": "\u001b[92mINFO\u001b[0m", "logger": "ai_integration", "message": "AI configuration loaded: Provider=openrouter, Enabled=False", "module": "ai_integration", "function": "load_configuration", "line": 21}
{"timestamp": "2025-07-04T10:01:37.957325Z", "level": "\u001b[92mINFO\u001b[0m", "logger": "message_queue", "message": "Message queue processing started", "module": "message_queue", "function": "start_processing", "line": 151}
{"timestamp": "2025-07-04T10:01:37.957417Z", "level": "\u001b[92mINFO\u001b[0m", "logger": "reminder_scheduler", "message": "Removed 0 existing reminder jobs", "module": "reminder_scheduler", "function": "setup_reminders", "line": 201}
{"timestamp": "2025-07-04T10:01:37.957520Z", "level": "\u001b[92mINFO\u001b[0m", "logger": "github_storage", "message": "Loaded 0 clients from storage", "module": "github_storage", "function": "get_clients", "line": 362}
{"timestamp": "2025-07-04T10:01:37.957551Z", "level": "\u001b[92mINFO\u001b[0m", "logger": "reminder_scheduler", "message": "No clients found, no reminders to schedule", "module": "reminder_scheduler", "function": "setup_reminders", "line": 207}
{"timestamp": "2025-07-04T10:01:37.957583Z", "level": "\u001b[92mINFO\u001b[0m", "logger": "routes", "message": "Reminder scheduler configured successfully", "module": "app", "function": "<module>", "line": 47}
{"timestamp": "2025-07-04T10:01:37.957656Z", "level": "\u001b[92mINFO\u001b[0m", "logger": "github_storage", "message": "Loaded 0 clients from storage", "module": "github_storage", "function": "get_clients", "line": 362}
{"timestamp": "2025-07-04T10:01:37.957701Z", "level": "\u001b[92mINFO\u001b[0m", "logger": "simple_cache", "message": "Cache warmed with 0 clients and basic stats", "module": "simple_cache", "function": "warm_cache", "line": 361}
{"timestamp": "2025-07-04T10:01:37.957729Z", "level": "\u001b[92mINFO\u001b[0m", "logger": "routes", "message": "Cache warmed successfully", "module": "app", "function": "<module>", "line": 54}
{"timestamp": "2025-07-04T10:01:37.957753Z", "level": "\u001b[92mINFO\u001b[0m", "logger": "routes", "message": "Application initialized with all improvements", "module": "app", "function": "<module>", "line": 58}
{"timestamp": "2025-07-04T10:01:37.961508Z", "level": "\u001b[92mINFO\u001b[0m", "logger": "werkzeug", "message": "\u001b[31m\u001b[1mWARNING: This is a development server. Do not use it in a production deployment. Use a production WSGI server instead.\u001b[0m\n * Running on all addresses (0.0.0.0)\n * Running on http://127.0.0.1:5000\n * Running on http://172.17.0.4:5000", "module": "_internal", "function": "_log", "line": 187}
{"timestamp": "2025-07-04T10:01:37.961574Z", "level": "\u001b[92mINFO\u001b[0m", "logger": "werkzeug", "message": "\u001b[33mPress CTRL+C to quit\u001b[0m", "module": "_internal", "function": "_log", "line": 187}
{"timestamp": "2025-07-04T10:01:37.961985Z", "level": "\u001b[92mINFO\u001b[0m", "logger": "werkzeug", "message": " * Restarting with stat", "module": "_internal", "function": "_log", "line": 187}
{"timestamp": "2025-07-04T10:01:38.089608Z", "level": "\u001b[92mINFO\u001b[0m", "logger": "apscheduler.scheduler", "message": "Scheduler started", "module": "base", "function": "start", "line": 181}
{"timestamp": "2025-07-04T10:01:38.092446Z", "level": "\u001b[92mINFO\u001b[0m", "logger": "simple_cache", "message": "Cache cleanup scheduler started", "module": "simple_cache", "function": "schedule_cache_cleanup", "line": 409}
{"timestamp": "2025-07-04T10:01:38.092735Z", "level": "\u001b[92mINFO\u001b[0m", "logger": "backup_utils", "message": "Automatic backup scheduler started (6-hour interval)", "module": "backup_utils", "function": "schedule_automatic_backups", "line": 534}
{"timestamp": "2025-07-04T10:01:38.116296Z", "level": "\u001b[92mINFO\u001b[0m", "logger": "github_storage", "message": "Running in development mode - using local storage", "module": "github_storage", "function": "__init__", "line": 32}
{"timestamp": "2025-07-04T10:01:38.120721Z", "level": "\u001b[92mINFO\u001b[0m", "logger": "github_storage", "message": "No ai_config.json found, returning default configuration", "module": "github_storage", "function": "get_ai_configuration", "line": 647}
{"timestamp": "2025-07-04T10:01:38.120798Z", "level": "\u001b[92mINFO\u001b[0m", "logger": "ai_integration", "message": "AI configuration loaded: Provider=openrouter, Enabled=False", "module": "ai_integration", "function": "load_configuration", "line": 21}
{"timestamp": "2025-07-04T10:01:38.137818Z", "level": "\u001b[92mINFO\u001b[0m", "logger": "message_queue", "message": "Message queue processing started", "module": "message_queue", "function": "start_processing", "line": 151}
{"timestamp": "2025-07-04T10:01:38.137914Z", "level": "\u001b[92mINFO\u001b[0m", "logger": "reminder_scheduler", "message": "Removed 0 existing reminder jobs", "module": "reminder_scheduler", "function": "setup_reminders", "line": 201}
{"timestamp": "2025-07-04T10:01:38.138025Z", "level": "\u001b[92mINFO\u001b[0m", "logger": "github_storage", "message": "Loaded 0 clients from storage", "module": "github_storage", "function": "get_clients", "line": 362}
{"timestamp": "2025-07-04T10:01:38.138056Z", "level": "\u001b[92mINFO\u001b[0m", "logger": "reminder_scheduler", "message": "No clients found, no reminders to schedule", "module": "reminder_scheduler", "function": "setup_reminders", "line": 207}
{"timestamp": "2025-07-04T10:01:38.138085Z", "level": "\u001b[92mINFO\u001b[0m", "logger": "routes", "message": "Reminder scheduler configured successfully", "module": "app", "function": "<module>", "line": 47}
{"timestamp": "2025-07-04T10:01:38.138162Z", "level": "\u001b[92mINFO\u001b[0m", "logger": "github_storage", "message": "Loaded 0 clients from storage", "module": "github_storage", "function": "get_clients", "line": 362}
{"timestamp": "2025-07-04T10:01:38.138209Z", "level": "\u001b[92mINFO\u001b[0m", "logger": "simple_cache", "message": "Cache warmed with 0 clients and basic stats", "module": "simple_cache", "function": "warm_cache", "line": 361}
{"timestamp": "2025-07-04T10:01:38.138236Z", "level": "\u001b[92mINFO\u001b[0m", "logger": "routes", "message": "Cache warmed successfully", "module": "app", "function": "<module>", "line": 54}
{"timestamp": "2025-07-04T10:01:38.138259Z", "level": "\u001b[92mINFO\u001b[0m", "logger": "routes", "message": "Application initialized with all improvements", "module": "app", "function": "<module>", "line": 58}
{"timestamp": "2025-07-04T10:01:38.141803Z", "level": "\u001b[93mWARNING\u001b[0m", "logger": "werkzeug", "message": " * Debugger is active!", "module": "_internal", "function": "_log", "line": 187}
{"timestamp": "2025-07-04T10:01:38.142084Z", "level": "\u001b[92mINFO\u001b[0m", "logger": "werkzeug", "message": " * Debugger PIN: 123-768-400", "module": "_internal", "function": "_log", "line": 187}
{"timestamp": "2025-07-04T10:01:52.771115Z", "level": "\u001b[92mINFO\u001b[0m", "logger": "apscheduler.scheduler", "message": "Scheduler has been shut down", "module": "base", "function": "shutdown", "line": 212}
