{"timestamp": "2025-07-03T18:23:46.750641Z", "level": "\u001b[91mERROR\u001b[0m", "logger": "github_storage", "message": "Unexpected status code 401 for whatsapp_status.json: {\"message\":\"Bad credentials\",\"documentation_url\":\"https://docs.github.com/rest\",\"status\":\"401\"}", "module": "github_storage", "function": "_get_file_content", "line": 203}
{"timestamp": "2025-07-03T18:23:46.750726Z", "level": "\u001b[91mERROR\u001b[0m", "logger": "github_storage", "message": "Unexpected error getting whatsapp_status.json: API error 401: {\"message\":\"Bad credentials\",\"documentation_url\":\"https://docs.github.com/rest\",\"status\":\"401\"}", "module": "github_storage", "function": "_get_file_content", "line": 221}
{"timestamp": "2025-07-03T18:23:47.787960Z", "level": "\u001b[91mERROR\u001b[0m", "logger": "github_storage", "message": "Unexpected status code 401 for whatsapp_status.json: {\"message\":\"Bad credentials\",\"documentation_url\":\"https://docs.github.com/rest\",\"status\":\"401\"}", "module": "github_storage", "function": "_get_file_content", "line": 203}
{"timestamp": "2025-07-03T18:23:47.788035Z", "level": "\u001b[91mERROR\u001b[0m", "logger": "github_storage", "message": "Unexpected error getting whatsapp_status.json: API error 401: {\"message\":\"Bad credentials\",\"documentation_url\":\"https://docs.github.com/rest\",\"status\":\"401\"}", "module": "github_storage", "function": "_get_file_content", "line": 221}
{"timestamp": "2025-07-03T18:23:48.825556Z", "level": "\u001b[91mERROR\u001b[0m", "logger": "github_storage", "message": "Unexpected status code 401 for whatsapp_status.json: {\"message\":\"Bad credentials\",\"documentation_url\":\"https://docs.github.com/rest\",\"status\":\"401\"}", "module": "github_storage", "function": "_get_file_content", "line": 203}
{"timestamp": "2025-07-03T18:23:48.825631Z", "level": "\u001b[91mERROR\u001b[0m", "logger": "github_storage", "message": "Unexpected error getting whatsapp_status.json: API error 401: {\"message\":\"Bad credentials\",\"documentation_url\":\"https://docs.github.com/rest\",\"status\":\"401\"}", "module": "github_storage", "function": "_get_file_content", "line": 221}
{"timestamp": "2025-07-03T18:23:48.825688Z", "level": "\u001b[91mERROR\u001b[0m", "logger": "whatsapp_integration", "message": "Error loading WhatsApp connection status: Unexpected error: API error 401: {\"message\":\"Bad credentials\",\"documentation_url\":\"https://docs.github.com/rest\",\"status\":\"401\"}", "module": "whatsapp_integration", "function": "_load_connection_state", "line": 73}
{"timestamp": "2025-07-03T18:23:48.877294Z", "level": "\u001b[91mERROR\u001b[0m", "logger": "github_storage", "message": "Unexpected status code 401 for clients.json: {\"message\":\"Bad credentials\",\"documentation_url\":\"https://docs.github.com/rest\",\"status\":\"401\"}", "module": "github_storage", "function": "_get_file_content", "line": 203}
{"timestamp": "2025-07-03T18:23:48.877363Z", "level": "\u001b[91mERROR\u001b[0m", "logger": "github_storage", "message": "Unexpected error getting clients.json: API error 401: {\"message\":\"Bad credentials\",\"documentation_url\":\"https://docs.github.com/rest\",\"status\":\"401\"}", "module": "github_storage", "function": "_get_file_content", "line": 221}
{"timestamp": "2025-07-03T18:23:49.913030Z", "level": "\u001b[91mERROR\u001b[0m", "logger": "github_storage", "message": "Unexpected status code 401 for clients.json: {\"message\":\"Bad credentials\",\"documentation_url\":\"https://docs.github.com/rest\",\"status\":\"401\"}", "module": "github_storage", "function": "_get_file_content", "line": 203}
{"timestamp": "2025-07-03T18:23:49.913121Z", "level": "\u001b[91mERROR\u001b[0m", "logger": "github_storage", "message": "Unexpected error getting clients.json: API error 401: {\"message\":\"Bad credentials\",\"documentation_url\":\"https://docs.github.com/rest\",\"status\":\"401\"}", "module": "github_storage", "function": "_get_file_content", "line": 221}
{"timestamp": "2025-07-03T18:23:50.956834Z", "level": "\u001b[91mERROR\u001b[0m", "logger": "github_storage", "message": "Unexpected status code 401 for clients.json: {\"message\":\"Bad credentials\",\"documentation_url\":\"https://docs.github.com/rest\",\"status\":\"401\"}", "module": "github_storage", "function": "_get_file_content", "line": 203}
{"timestamp": "2025-07-03T18:23:50.956925Z", "level": "\u001b[91mERROR\u001b[0m", "logger": "github_storage", "message": "Unexpected error getting clients.json: API error 401: {\"message\":\"Bad credentials\",\"documentation_url\":\"https://docs.github.com/rest\",\"status\":\"401\"}", "module": "github_storage", "function": "_get_file_content", "line": 221}
{"timestamp": "2025-07-03T18:23:50.956976Z", "level": "\u001b[91mERROR\u001b[0m", "logger": "github_storage", "message": "GitHub storage error loading clients: Unexpected error: API error 401: {\"message\":\"Bad credentials\",\"documentation_url\":\"https://docs.github.com/rest\",\"status\":\"401\"}", "module": "github_storage", "function": "get_clients", "line": 407}
{"timestamp": "2025-07-03T18:23:50.957023Z", "level": "\u001b[91mERROR\u001b[0m", "logger": "reminder_scheduler", "message": "Error setting up reminders: Unexpected error: API error 401: {\"message\":\"Bad credentials\",\"documentation_url\":\"https://docs.github.com/rest\",\"status\":\"401\"}", "module": "reminder_scheduler", "function": "setup_reminders", "line": 248}
{"timestamp": "2025-07-03T18:23:50.958159Z", "level": "\u001b[91mERROR\u001b[0m", "logger": "reminder_scheduler", "message": "Traceback (most recent call last):\n  File \"/workspace/github_storage.py\", line 204, in _get_file_content\n    raise GitHubStorageError(f\"API error {response.status_code}: {response.text}\")\ngithub_storage.GitHubStorageError: API error 401: {\"message\":\"Bad credentials\",\"documentation_url\":\"https://docs.github.com/rest\",\"status\":\"401\"}\n\nDuring handling of the above exception, another exception occurred:\n\nTraceback (most recent call last):\n  File \"/workspace/reminder_scheduler.py\", line 205, in setup_reminders\n    clients = storage.get_clients()\n  File \"/workspace/github_storage.py\", line 384, in get_clients\n    file_data = self._get_file_content('clients.json')\n  File \"/workspace/github_storage.py\", line 223, in _get_file_content\n    raise GitHubStorageError(f\"Unexpected error: {str(e)}\")\ngithub_storage.GitHubStorageError: Unexpected error: API error 401: {\"message\":\"Bad credentials\",\"documentation_url\":\"https://docs.github.com/rest\",\"status\":\"401\"}\n", "module": "reminder_scheduler", "function": "setup_reminders", "line": 249}
{"timestamp": "2025-07-03T18:23:51.026305Z", "level": "\u001b[91mERROR\u001b[0m", "logger": "github_storage", "message": "Unexpected status code 401 for clients.json: {\"message\":\"Bad credentials\",\"documentation_url\":\"https://docs.github.com/rest\",\"status\":\"401\"}", "module": "github_storage", "function": "_get_file_content", "line": 203}
{"timestamp": "2025-07-03T18:23:51.026368Z", "level": "\u001b[91mERROR\u001b[0m", "logger": "github_storage", "message": "Unexpected error getting clients.json: API error 401: {\"message\":\"Bad credentials\",\"documentation_url\":\"https://docs.github.com/rest\",\"status\":\"401\"}", "module": "github_storage", "function": "_get_file_content", "line": 221}
{"timestamp": "2025-07-03T20:16:23.621157Z", "level": "\u001b[91mERROR\u001b[0m", "logger": "github_storage", "message": "Unexpected status code 401 for whatsapp_status.json: {\"message\":\"Bad credentials\",\"documentation_url\":\"https://docs.github.com/rest\",\"status\":\"401\"}", "module": "github_storage", "function": "_get_file_content", "line": 203}
{"timestamp": "2025-07-03T20:16:23.621240Z", "level": "\u001b[91mERROR\u001b[0m", "logger": "github_storage", "message": "Unexpected error getting whatsapp_status.json: API error 401: {\"message\":\"Bad credentials\",\"documentation_url\":\"https://docs.github.com/rest\",\"status\":\"401\"}", "module": "github_storage", "function": "_get_file_content", "line": 221}
{"timestamp": "2025-07-03T20:16:24.661787Z", "level": "\u001b[91mERROR\u001b[0m", "logger": "github_storage", "message": "Unexpected status code 401 for whatsapp_status.json: {\"message\":\"Bad credentials\",\"documentation_url\":\"https://docs.github.com/rest\",\"status\":\"401\"}", "module": "github_storage", "function": "_get_file_content", "line": 203}
{"timestamp": "2025-07-03T20:16:24.661875Z", "level": "\u001b[91mERROR\u001b[0m", "logger": "github_storage", "message": "Unexpected error getting whatsapp_status.json: API error 401: {\"message\":\"Bad credentials\",\"documentation_url\":\"https://docs.github.com/rest\",\"status\":\"401\"}", "module": "github_storage", "function": "_get_file_content", "line": 221}
{"timestamp": "2025-07-03T20:16:25.699962Z", "level": "\u001b[91mERROR\u001b[0m", "logger": "github_storage", "message": "Unexpected status code 401 for whatsapp_status.json: {\"message\":\"Bad credentials\",\"documentation_url\":\"https://docs.github.com/rest\",\"status\":\"401\"}", "module": "github_storage", "function": "_get_file_content", "line": 203}
{"timestamp": "2025-07-03T20:16:25.700034Z", "level": "\u001b[91mERROR\u001b[0m", "logger": "github_storage", "message": "Unexpected error getting whatsapp_status.json: API error 401: {\"message\":\"Bad credentials\",\"documentation_url\":\"https://docs.github.com/rest\",\"status\":\"401\"}", "module": "github_storage", "function": "_get_file_content", "line": 221}
{"timestamp": "2025-07-03T20:16:25.700108Z", "level": "\u001b[91mERROR\u001b[0m", "logger": "whatsapp_integration", "message": "Error loading WhatsApp connection status: Unexpected error: API error 401: {\"message\":\"Bad credentials\",\"documentation_url\":\"https://docs.github.com/rest\",\"status\":\"401\"}", "module": "whatsapp_integration", "function": "_load_connection_state", "line": 73}
{"timestamp": "2025-07-03T20:16:25.772724Z", "level": "\u001b[91mERROR\u001b[0m", "logger": "github_storage", "message": "Unexpected status code 401 for clients.json: {\"message\":\"Bad credentials\",\"documentation_url\":\"https://docs.github.com/rest\",\"status\":\"401\"}", "module": "github_storage", "function": "_get_file_content", "line": 203}
{"timestamp": "2025-07-03T20:16:25.772796Z", "level": "\u001b[91mERROR\u001b[0m", "logger": "github_storage", "message": "Unexpected error getting clients.json: API error 401: {\"message\":\"Bad credentials\",\"documentation_url\":\"https://docs.github.com/rest\",\"status\":\"401\"}", "module": "github_storage", "function": "_get_file_content", "line": 221}
{"timestamp": "2025-07-03T20:16:26.809878Z", "level": "\u001b[91mERROR\u001b[0m", "logger": "github_storage", "message": "Unexpected status code 401 for clients.json: {\"message\":\"Bad credentials\",\"documentation_url\":\"https://docs.github.com/rest\",\"status\":\"401\"}", "module": "github_storage", "function": "_get_file_content", "line": 203}
{"timestamp": "2025-07-03T20:16:26.809950Z", "level": "\u001b[91mERROR\u001b[0m", "logger": "github_storage", "message": "Unexpected error getting clients.json: API error 401: {\"message\":\"Bad credentials\",\"documentation_url\":\"https://docs.github.com/rest\",\"status\":\"401\"}", "module": "github_storage", "function": "_get_file_content", "line": 221}
{"timestamp": "2025-07-03T20:16:27.847566Z", "level": "\u001b[91mERROR\u001b[0m", "logger": "github_storage", "message": "Unexpected status code 401 for clients.json: {\"message\":\"Bad credentials\",\"documentation_url\":\"https://docs.github.com/rest\",\"status\":\"401\"}", "module": "github_storage", "function": "_get_file_content", "line": 203}
{"timestamp": "2025-07-03T20:16:27.847639Z", "level": "\u001b[91mERROR\u001b[0m", "logger": "github_storage", "message": "Unexpected error getting clients.json: API error 401: {\"message\":\"Bad credentials\",\"documentation_url\":\"https://docs.github.com/rest\",\"status\":\"401\"}", "module": "github_storage", "function": "_get_file_content", "line": 221}
{"timestamp": "2025-07-03T20:16:27.847697Z", "level": "\u001b[91mERROR\u001b[0m", "logger": "github_storage", "message": "GitHub storage error loading clients: Unexpected error: API error 401: {\"message\":\"Bad credentials\",\"documentation_url\":\"https://docs.github.com/rest\",\"status\":\"401\"}", "module": "github_storage", "function": "get_clients", "line": 407}
{"timestamp": "2025-07-03T20:16:27.847761Z", "level": "\u001b[91mERROR\u001b[0m", "logger": "reminder_scheduler", "message": "Error setting up reminders: Unexpected error: API error 401: {\"message\":\"Bad credentials\",\"documentation_url\":\"https://docs.github.com/rest\",\"status\":\"401\"}", "module": "reminder_scheduler", "function": "setup_reminders", "line": 248}
{"timestamp": "2025-07-03T20:16:27.848757Z", "level": "\u001b[91mERROR\u001b[0m", "logger": "reminder_scheduler", "message": "Traceback (most recent call last):\n  File \"/workspace/github_storage.py\", line 204, in _get_file_content\n    raise GitHubStorageError(f\"API error {response.status_code}: {response.text}\")\ngithub_storage.GitHubStorageError: API error 401: {\"message\":\"Bad credentials\",\"documentation_url\":\"https://docs.github.com/rest\",\"status\":\"401\"}\n\nDuring handling of the above exception, another exception occurred:\n\nTraceback (most recent call last):\n  File \"/workspace/reminder_scheduler.py\", line 205, in setup_reminders\n    clients = storage.get_clients()\n  File \"/workspace/github_storage.py\", line 384, in get_clients\n    file_data = self._get_file_content('clients.json')\n  File \"/workspace/github_storage.py\", line 223, in _get_file_content\n    raise GitHubStorageError(f\"Unexpected error: {str(e)}\")\ngithub_storage.GitHubStorageError: Unexpected error: API error 401: {\"message\":\"Bad credentials\",\"documentation_url\":\"https://docs.github.com/rest\",\"status\":\"401\"}\n", "module": "reminder_scheduler", "function": "setup_reminders", "line": 249}
{"timestamp": "2025-07-03T20:16:27.885173Z", "level": "\u001b[91mERROR\u001b[0m", "logger": "github_storage", "message": "Unexpected status code 401 for clients.json: {\"message\":\"Bad credentials\",\"documentation_url\":\"https://docs.github.com/rest\",\"status\":\"401\"}", "module": "github_storage", "function": "_get_file_content", "line": 203}
{"timestamp": "2025-07-03T20:16:27.885241Z", "level": "\u001b[91mERROR\u001b[0m", "logger": "github_storage", "message": "Unexpected error getting clients.json: API error 401: {\"message\":\"Bad credentials\",\"documentation_url\":\"https://docs.github.com/rest\",\"status\":\"401\"}", "module": "github_storage", "function": "_get_file_content", "line": 221}
{"timestamp": "2025-07-03T20:16:28.923656Z", "level": "\u001b[91mERROR\u001b[0m", "logger": "github_storage", "message": "Unexpected status code 401 for clients.json: {\"message\":\"Bad credentials\",\"documentation_url\":\"https://docs.github.com/rest\",\"status\":\"401\"}", "module": "github_storage", "function": "_get_file_content", "line": 203}
{"timestamp": "2025-07-03T20:16:28.923731Z", "level": "\u001b[91mERROR\u001b[0m", "logger": "github_storage", "message": "Unexpected error getting clients.json: API error 401: {\"message\":\"Bad credentials\",\"documentation_url\":\"https://docs.github.com/rest\",\"status\":\"401\"}", "module": "github_storage", "function": "_get_file_content", "line": 221}
{"timestamp": "2025-07-03T20:16:29.961736Z", "level": "\u001b[91mERROR\u001b[0m", "logger": "github_storage", "message": "Unexpected status code 401 for clients.json: {\"message\":\"Bad credentials\",\"documentation_url\":\"https://docs.github.com/rest\",\"status\":\"401\"}", "module": "github_storage", "function": "_get_file_content", "line": 203}
{"timestamp": "2025-07-03T20:16:29.961808Z", "level": "\u001b[91mERROR\u001b[0m", "logger": "github_storage", "message": "Unexpected error getting clients.json: API error 401: {\"message\":\"Bad credentials\",\"documentation_url\":\"https://docs.github.com/rest\",\"status\":\"401\"}", "module": "github_storage", "function": "_get_file_content", "line": 221}
{"timestamp": "2025-07-03T20:16:29.961863Z", "level": "\u001b[91mERROR\u001b[0m", "logger": "github_storage", "message": "GitHub storage error loading clients: Unexpected error: API error 401: {\"message\":\"Bad credentials\",\"documentation_url\":\"https://docs.github.com/rest\",\"status\":\"401\"}", "module": "github_storage", "function": "get_clients", "line": 407}
{"timestamp": "2025-07-03T20:16:29.961923Z", "level": "\u001b[91mERROR\u001b[0m", "logger": "simple_cache", "message": "Failed to warm cache: Unexpected error: API error 401: {\"message\":\"Bad credentials\",\"documentation_url\":\"https://docs.github.com/rest\",\"status\":\"401\"}", "module": "simple_cache", "function": "warm_cache", "line": 364}
{"timestamp": "2025-07-03T20:16:30.204241Z", "level": "\u001b[91mERROR\u001b[0m", "logger": "github_storage", "message": "Unexpected status code 401 for whatsapp_status.json: {\"message\":\"Bad credentials\",\"documentation_url\":\"https://docs.github.com/rest\",\"status\":\"401\"}", "module": "github_storage", "function": "_get_file_content", "line": 203}
{"timestamp": "2025-07-03T20:16:30.204317Z", "level": "\u001b[91mERROR\u001b[0m", "logger": "github_storage", "message": "Unexpected error getting whatsapp_status.json: API error 401: {\"message\":\"Bad credentials\",\"documentation_url\":\"https://docs.github.com/rest\",\"status\":\"401\"}", "module": "github_storage", "function": "_get_file_content", "line": 221}
{"timestamp": "2025-07-03T20:16:31.270151Z", "level": "\u001b[91mERROR\u001b[0m", "logger": "github_storage", "message": "Unexpected status code 401 for whatsapp_status.json: {\"message\":\"Bad credentials\",\"documentation_url\":\"https://docs.github.com/rest\",\"status\":\"401\"}", "module": "github_storage", "function": "_get_file_content", "line": 203}
{"timestamp": "2025-07-03T20:16:31.270228Z", "level": "\u001b[91mERROR\u001b[0m", "logger": "github_storage", "message": "Unexpected error getting whatsapp_status.json: API error 401: {\"message\":\"Bad credentials\",\"documentation_url\":\"https://docs.github.com/rest\",\"status\":\"401\"}", "module": "github_storage", "function": "_get_file_content", "line": 221}
{"timestamp": "2025-07-03T20:16:32.307106Z", "level": "\u001b[91mERROR\u001b[0m", "logger": "github_storage", "message": "Unexpected status code 401 for whatsapp_status.json: {\"message\":\"Bad credentials\",\"documentation_url\":\"https://docs.github.com/rest\",\"status\":\"401\"}", "module": "github_storage", "function": "_get_file_content", "line": 203}
{"timestamp": "2025-07-03T20:16:32.307188Z", "level": "\u001b[91mERROR\u001b[0m", "logger": "github_storage", "message": "Unexpected error getting whatsapp_status.json: API error 401: {\"message\":\"Bad credentials\",\"documentation_url\":\"https://docs.github.com/rest\",\"status\":\"401\"}", "module": "github_storage", "function": "_get_file_content", "line": 221}
{"timestamp": "2025-07-03T20:16:32.307252Z", "level": "\u001b[91mERROR\u001b[0m", "logger": "whatsapp_integration", "message": "Error loading WhatsApp connection status: Unexpected error: API error 401: {\"message\":\"Bad credentials\",\"documentation_url\":\"https://docs.github.com/rest\",\"status\":\"401\"}", "module": "whatsapp_integration", "function": "_load_connection_state", "line": 73}
{"timestamp": "2025-07-03T20:16:32.348054Z", "level": "\u001b[91mERROR\u001b[0m", "logger": "github_storage", "message": "Unexpected status code 401 for clients.json: {\"message\":\"Bad credentials\",\"documentation_url\":\"https://docs.github.com/rest\",\"status\":\"401\"}", "module": "github_storage", "function": "_get_file_content", "line": 203}
{"timestamp": "2025-07-03T20:16:32.348144Z", "level": "\u001b[91mERROR\u001b[0m", "logger": "github_storage", "message": "Unexpected error getting clients.json: API error 401: {\"message\":\"Bad credentials\",\"documentation_url\":\"https://docs.github.com/rest\",\"status\":\"401\"}", "module": "github_storage", "function": "_get_file_content", "line": 221}
{"timestamp": "2025-07-03T20:16:33.385173Z", "level": "\u001b[91mERROR\u001b[0m", "logger": "github_storage", "message": "Unexpected status code 401 for clients.json: {\"message\":\"Bad credentials\",\"documentation_url\":\"https://docs.github.com/rest\",\"status\":\"401\"}", "module": "github_storage", "function": "_get_file_content", "line": 203}
{"timestamp": "2025-07-03T20:16:33.385257Z", "level": "\u001b[91mERROR\u001b[0m", "logger": "github_storage", "message": "Unexpected error getting clients.json: API error 401: {\"message\":\"Bad credentials\",\"documentation_url\":\"https://docs.github.com/rest\",\"status\":\"401\"}", "module": "github_storage", "function": "_get_file_content", "line": 221}
{"timestamp": "2025-07-03T20:16:34.421721Z", "level": "\u001b[91mERROR\u001b[0m", "logger": "github_storage", "message": "Unexpected status code 401 for clients.json: {\"message\":\"Bad credentials\",\"documentation_url\":\"https://docs.github.com/rest\",\"status\":\"401\"}", "module": "github_storage", "function": "_get_file_content", "line": 203}
{"timestamp": "2025-07-03T20:16:34.421794Z", "level": "\u001b[91mERROR\u001b[0m", "logger": "github_storage", "message": "Unexpected error getting clients.json: API error 401: {\"message\":\"Bad credentials\",\"documentation_url\":\"https://docs.github.com/rest\",\"status\":\"401\"}", "module": "github_storage", "function": "_get_file_content", "line": 221}
{"timestamp": "2025-07-03T20:16:34.421850Z", "level": "\u001b[91mERROR\u001b[0m", "logger": "github_storage", "message": "GitHub storage error loading clients: Unexpected error: API error 401: {\"message\":\"Bad credentials\",\"documentation_url\":\"https://docs.github.com/rest\",\"status\":\"401\"}", "module": "github_storage", "function": "get_clients", "line": 407}
{"timestamp": "2025-07-03T20:16:34.421903Z", "level": "\u001b[91mERROR\u001b[0m", "logger": "reminder_scheduler", "message": "Error setting up reminders: Unexpected error: API error 401: {\"message\":\"Bad credentials\",\"documentation_url\":\"https://docs.github.com/rest\",\"status\":\"401\"}", "module": "reminder_scheduler", "function": "setup_reminders", "line": 248}
{"timestamp": "2025-07-03T20:16:34.422967Z", "level": "\u001b[91mERROR\u001b[0m", "logger": "reminder_scheduler", "message": "Traceback (most recent call last):\n  File \"/workspace/github_storage.py\", line 204, in _get_file_content\n    raise GitHubStorageError(f\"API error {response.status_code}: {response.text}\")\ngithub_storage.GitHubStorageError: API error 401: {\"message\":\"Bad credentials\",\"documentation_url\":\"https://docs.github.com/rest\",\"status\":\"401\"}\n\nDuring handling of the above exception, another exception occurred:\n\nTraceback (most recent call last):\n  File \"/workspace/reminder_scheduler.py\", line 205, in setup_reminders\n    clients = storage.get_clients()\n  File \"/workspace/github_storage.py\", line 384, in get_clients\n    file_data = self._get_file_content('clients.json')\n  File \"/workspace/github_storage.py\", line 223, in _get_file_content\n    raise GitHubStorageError(f\"Unexpected error: {str(e)}\")\ngithub_storage.GitHubStorageError: Unexpected error: API error 401: {\"message\":\"Bad credentials\",\"documentation_url\":\"https://docs.github.com/rest\",\"status\":\"401\"}\n", "module": "reminder_scheduler", "function": "setup_reminders", "line": 249}
{"timestamp": "2025-07-03T20:16:34.476775Z", "level": "\u001b[91mERROR\u001b[0m", "logger": "github_storage", "message": "Unexpected status code 401 for clients.json: {\"message\":\"Bad credentials\",\"documentation_url\":\"https://docs.github.com/rest\",\"status\":\"401\"}", "module": "github_storage", "function": "_get_file_content", "line": 203}
{"timestamp": "2025-07-03T20:16:34.476846Z", "level": "\u001b[91mERROR\u001b[0m", "logger": "github_storage", "message": "Unexpected error getting clients.json: API error 401: {\"message\":\"Bad credentials\",\"documentation_url\":\"https://docs.github.com/rest\",\"status\":\"401\"}", "module": "github_storage", "function": "_get_file_content", "line": 221}
{"timestamp": "2025-07-03T20:16:35.515855Z", "level": "\u001b[91mERROR\u001b[0m", "logger": "github_storage", "message": "Unexpected status code 401 for clients.json: {\"message\":\"Bad credentials\",\"documentation_url\":\"https://docs.github.com/rest\",\"status\":\"401\"}", "module": "github_storage", "function": "_get_file_content", "line": 203}
{"timestamp": "2025-07-03T20:16:35.515944Z", "level": "\u001b[91mERROR\u001b[0m", "logger": "github_storage", "message": "Unexpected error getting clients.json: API error 401: {\"message\":\"Bad credentials\",\"documentation_url\":\"https://docs.github.com/rest\",\"status\":\"401\"}", "module": "github_storage", "function": "_get_file_content", "line": 221}
{"timestamp": "2025-07-03T20:16:36.555758Z", "level": "\u001b[91mERROR\u001b[0m", "logger": "github_storage", "message": "Unexpected status code 401 for clients.json: {\"message\":\"Bad credentials\",\"documentation_url\":\"https://docs.github.com/rest\",\"status\":\"401\"}", "module": "github_storage", "function": "_get_file_content", "line": 203}
{"timestamp": "2025-07-03T20:16:36.555830Z", "level": "\u001b[91mERROR\u001b[0m", "logger": "github_storage", "message": "Unexpected error getting clients.json: API error 401: {\"message\":\"Bad credentials\",\"documentation_url\":\"https://docs.github.com/rest\",\"status\":\"401\"}", "module": "github_storage", "function": "_get_file_content", "line": 221}
{"timestamp": "2025-07-03T20:16:36.555884Z", "level": "\u001b[91mERROR\u001b[0m", "logger": "github_storage", "message": "GitHub storage error loading clients: Unexpected error: API error 401: {\"message\":\"Bad credentials\",\"documentation_url\":\"https://docs.github.com/rest\",\"status\":\"401\"}", "module": "github_storage", "function": "get_clients", "line": 407}
{"timestamp": "2025-07-03T20:16:36.555934Z", "level": "\u001b[91mERROR\u001b[0m", "logger": "simple_cache", "message": "Failed to warm cache: Unexpected error: API error 401: {\"message\":\"Bad credentials\",\"documentation_url\":\"https://docs.github.com/rest\",\"status\":\"401\"}", "module": "simple_cache", "function": "warm_cache", "line": 364}
{"timestamp": "2025-07-03T20:21:27.473462Z", "level": "\u001b[91mERROR\u001b[0m", "logger": "github_storage", "message": "Unexpected status code 401 for whatsapp_status.json: {\"message\":\"Bad credentials\",\"documentation_url\":\"https://docs.github.com/rest\",\"status\":\"401\"}", "module": "github_storage", "function": "_get_file_content", "line": 203}
{"timestamp": "2025-07-03T20:21:27.473545Z", "level": "\u001b[91mERROR\u001b[0m", "logger": "github_storage", "message": "Unexpected error getting whatsapp_status.json: API error 401: {\"message\":\"Bad credentials\",\"documentation_url\":\"https://docs.github.com/rest\",\"status\":\"401\"}", "module": "github_storage", "function": "_get_file_content", "line": 221}
{"timestamp": "2025-07-03T20:21:28.506113Z", "level": "\u001b[91mERROR\u001b[0m", "logger": "github_storage", "message": "Unexpected status code 401 for whatsapp_status.json: {\"message\":\"Bad credentials\",\"documentation_url\":\"https://docs.github.com/rest\",\"status\":\"401\"}", "module": "github_storage", "function": "_get_file_content", "line": 203}
{"timestamp": "2025-07-03T20:21:28.506196Z", "level": "\u001b[91mERROR\u001b[0m", "logger": "github_storage", "message": "Unexpected error getting whatsapp_status.json: API error 401: {\"message\":\"Bad credentials\",\"documentation_url\":\"https://docs.github.com/rest\",\"status\":\"401\"}", "module": "github_storage", "function": "_get_file_content", "line": 221}
{"timestamp": "2025-07-03T20:21:29.550734Z", "level": "\u001b[91mERROR\u001b[0m", "logger": "github_storage", "message": "Unexpected status code 401 for whatsapp_status.json: {\"message\":\"Bad credentials\",\"documentation_url\":\"https://docs.github.com/rest\",\"status\":\"401\"}", "module": "github_storage", "function": "_get_file_content", "line": 203}
{"timestamp": "2025-07-03T20:21:29.550815Z", "level": "\u001b[91mERROR\u001b[0m", "logger": "github_storage", "message": "Unexpected error getting whatsapp_status.json: API error 401: {\"message\":\"Bad credentials\",\"documentation_url\":\"https://docs.github.com/rest\",\"status\":\"401\"}", "module": "github_storage", "function": "_get_file_content", "line": 221}
{"timestamp": "2025-07-03T20:21:29.550877Z", "level": "\u001b[91mERROR\u001b[0m", "logger": "whatsapp_integration", "message": "Error loading WhatsApp connection status: Unexpected error: API error 401: {\"message\":\"Bad credentials\",\"documentation_url\":\"https://docs.github.com/rest\",\"status\":\"401\"}", "module": "whatsapp_integration", "function": "_load_connection_state", "line": 73}
{"timestamp": "2025-07-03T20:21:29.586757Z", "level": "\u001b[91mERROR\u001b[0m", "logger": "github_storage", "message": "Unexpected status code 401 for clients.json: {\"message\":\"Bad credentials\",\"documentation_url\":\"https://docs.github.com/rest\",\"status\":\"401\"}", "module": "github_storage", "function": "_get_file_content", "line": 203}
{"timestamp": "2025-07-03T20:21:29.586835Z", "level": "\u001b[91mERROR\u001b[0m", "logger": "github_storage", "message": "Unexpected error getting clients.json: API error 401: {\"message\":\"Bad credentials\",\"documentation_url\":\"https://docs.github.com/rest\",\"status\":\"401\"}", "module": "github_storage", "function": "_get_file_content", "line": 221}
{"timestamp": "2025-07-03T20:21:30.628513Z", "level": "\u001b[91mERROR\u001b[0m", "logger": "github_storage", "message": "Unexpected status code 401 for clients.json: {\"message\":\"Bad credentials\",\"documentation_url\":\"https://docs.github.com/rest\",\"status\":\"401\"}", "module": "github_storage", "function": "_get_file_content", "line": 203}
{"timestamp": "2025-07-03T20:21:30.628584Z", "level": "\u001b[91mERROR\u001b[0m", "logger": "github_storage", "message": "Unexpected error getting clients.json: API error 401: {\"message\":\"Bad credentials\",\"documentation_url\":\"https://docs.github.com/rest\",\"status\":\"401\"}", "module": "github_storage", "function": "_get_file_content", "line": 221}
{"timestamp": "2025-07-03T20:21:31.672650Z", "level": "\u001b[91mERROR\u001b[0m", "logger": "github_storage", "message": "Unexpected status code 401 for clients.json: {\"message\":\"Bad credentials\",\"documentation_url\":\"https://docs.github.com/rest\",\"status\":\"401\"}", "module": "github_storage", "function": "_get_file_content", "line": 203}
{"timestamp": "2025-07-03T20:21:31.672724Z", "level": "\u001b[91mERROR\u001b[0m", "logger": "github_storage", "message": "Unexpected error getting clients.json: API error 401: {\"message\":\"Bad credentials\",\"documentation_url\":\"https://docs.github.com/rest\",\"status\":\"401\"}", "module": "github_storage", "function": "_get_file_content", "line": 221}
{"timestamp": "2025-07-03T20:21:31.672782Z", "level": "\u001b[91mERROR\u001b[0m", "logger": "github_storage", "message": "GitHub storage error loading clients: Unexpected error: API error 401: {\"message\":\"Bad credentials\",\"documentation_url\":\"https://docs.github.com/rest\",\"status\":\"401\"}", "module": "github_storage", "function": "get_clients", "line": 407}
{"timestamp": "2025-07-03T20:21:31.672833Z", "level": "\u001b[91mERROR\u001b[0m", "logger": "reminder_scheduler", "message": "Error setting up reminders: Unexpected error: API error 401: {\"message\":\"Bad credentials\",\"documentation_url\":\"https://docs.github.com/rest\",\"status\":\"401\"}", "module": "reminder_scheduler", "function": "setup_reminders", "line": 248}
{"timestamp": "2025-07-03T20:21:31.673899Z", "level": "\u001b[91mERROR\u001b[0m", "logger": "reminder_scheduler", "message": "Traceback (most recent call last):\n  File \"/workspace/github_storage.py\", line 204, in _get_file_content\n    raise GitHubStorageError(f\"API error {response.status_code}: {response.text}\")\ngithub_storage.GitHubStorageError: API error 401: {\"message\":\"Bad credentials\",\"documentation_url\":\"https://docs.github.com/rest\",\"status\":\"401\"}\n\nDuring handling of the above exception, another exception occurred:\n\nTraceback (most recent call last):\n  File \"/workspace/reminder_scheduler.py\", line 205, in setup_reminders\n    clients = storage.get_clients()\n  File \"/workspace/github_storage.py\", line 384, in get_clients\n    file_data = self._get_file_content('clients.json')\n  File \"/workspace/github_storage.py\", line 223, in _get_file_content\n    raise GitHubStorageError(f\"Unexpected error: {str(e)}\")\ngithub_storage.GitHubStorageError: Unexpected error: API error 401: {\"message\":\"Bad credentials\",\"documentation_url\":\"https://docs.github.com/rest\",\"status\":\"401\"}\n", "module": "reminder_scheduler", "function": "setup_reminders", "line": 249}
{"timestamp": "2025-07-03T20:21:31.711499Z", "level": "\u001b[91mERROR\u001b[0m", "logger": "github_storage", "message": "Unexpected status code 401 for clients.json: {\"message\":\"Bad credentials\",\"documentation_url\":\"https://docs.github.com/rest\",\"status\":\"401\"}", "module": "github_storage", "function": "_get_file_content", "line": 203}
{"timestamp": "2025-07-03T20:21:31.711569Z", "level": "\u001b[91mERROR\u001b[0m", "logger": "github_storage", "message": "Unexpected error getting clients.json: API error 401: {\"message\":\"Bad credentials\",\"documentation_url\":\"https://docs.github.com/rest\",\"status\":\"401\"}", "module": "github_storage", "function": "_get_file_content", "line": 221}
{"timestamp": "2025-07-03T20:21:32.749731Z", "level": "\u001b[91mERROR\u001b[0m", "logger": "github_storage", "message": "Unexpected status code 401 for clients.json: {\"message\":\"Bad credentials\",\"documentation_url\":\"https://docs.github.com/rest\",\"status\":\"401\"}", "module": "github_storage", "function": "_get_file_content", "line": 203}
{"timestamp": "2025-07-03T20:21:32.749805Z", "level": "\u001b[91mERROR\u001b[0m", "logger": "github_storage", "message": "Unexpected error getting clients.json: API error 401: {\"message\":\"Bad credentials\",\"documentation_url\":\"https://docs.github.com/rest\",\"status\":\"401\"}", "module": "github_storage", "function": "_get_file_content", "line": 221}
{"timestamp": "2025-07-03T20:21:33.789336Z", "level": "\u001b[91mERROR\u001b[0m", "logger": "github_storage", "message": "Unexpected status code 401 for clients.json: {\"message\":\"Bad credentials\",\"documentation_url\":\"https://docs.github.com/rest\",\"status\":\"401\"}", "module": "github_storage", "function": "_get_file_content", "line": 203}
{"timestamp": "2025-07-03T20:21:33.789409Z", "level": "\u001b[91mERROR\u001b[0m", "logger": "github_storage", "message": "Unexpected error getting clients.json: API error 401: {\"message\":\"Bad credentials\",\"documentation_url\":\"https://docs.github.com/rest\",\"status\":\"401\"}", "module": "github_storage", "function": "_get_file_content", "line": 221}
{"timestamp": "2025-07-03T20:21:33.789463Z", "level": "\u001b[91mERROR\u001b[0m", "logger": "github_storage", "message": "GitHub storage error loading clients: Unexpected error: API error 401: {\"message\":\"Bad credentials\",\"documentation_url\":\"https://docs.github.com/rest\",\"status\":\"401\"}", "module": "github_storage", "function": "get_clients", "line": 407}
{"timestamp": "2025-07-03T20:21:33.789512Z", "level": "\u001b[91mERROR\u001b[0m", "logger": "simple_cache", "message": "Failed to warm cache: Unexpected error: API error 401: {\"message\":\"Bad credentials\",\"documentation_url\":\"https://docs.github.com/rest\",\"status\":\"401\"}", "module": "simple_cache", "function": "warm_cache", "line": 364}
