{"timestamp": "2025-07-03T18:23:46.750641Z", "level": "\u001b[91mERROR\u001b[0m", "logger": "github_storage", "message": "Unexpected status code 401 for whatsapp_status.json: {\"message\":\"Bad credentials\",\"documentation_url\":\"https://docs.github.com/rest\",\"status\":\"401\"}", "module": "github_storage", "function": "_get_file_content", "line": 203}
{"timestamp": "2025-07-03T18:23:46.750726Z", "level": "\u001b[91mERROR\u001b[0m", "logger": "github_storage", "message": "Unexpected error getting whatsapp_status.json: API error 401: {\"message\":\"Bad credentials\",\"documentation_url\":\"https://docs.github.com/rest\",\"status\":\"401\"}", "module": "github_storage", "function": "_get_file_content", "line": 221}
{"timestamp": "2025-07-03T18:23:47.787960Z", "level": "\u001b[91mERROR\u001b[0m", "logger": "github_storage", "message": "Unexpected status code 401 for whatsapp_status.json: {\"message\":\"Bad credentials\",\"documentation_url\":\"https://docs.github.com/rest\",\"status\":\"401\"}", "module": "github_storage", "function": "_get_file_content", "line": 203}
{"timestamp": "2025-07-03T18:23:47.788035Z", "level": "\u001b[91mERROR\u001b[0m", "logger": "github_storage", "message": "Unexpected error getting whatsapp_status.json: API error 401: {\"message\":\"Bad credentials\",\"documentation_url\":\"https://docs.github.com/rest\",\"status\":\"401\"}", "module": "github_storage", "function": "_get_file_content", "line": 221}
{"timestamp": "2025-07-03T18:23:48.825556Z", "level": "\u001b[91mERROR\u001b[0m", "logger": "github_storage", "message": "Unexpected status code 401 for whatsapp_status.json: {\"message\":\"Bad credentials\",\"documentation_url\":\"https://docs.github.com/rest\",\"status\":\"401\"}", "module": "github_storage", "function": "_get_file_content", "line": 203}
{"timestamp": "2025-07-03T18:23:48.825631Z", "level": "\u001b[91mERROR\u001b[0m", "logger": "github_storage", "message": "Unexpected error getting whatsapp_status.json: API error 401: {\"message\":\"Bad credentials\",\"documentation_url\":\"https://docs.github.com/rest\",\"status\":\"401\"}", "module": "github_storage", "function": "_get_file_content", "line": 221}
{"timestamp": "2025-07-03T18:23:48.825688Z", "level": "\u001b[91mERROR\u001b[0m", "logger": "whatsapp_integration", "message": "Error loading WhatsApp connection status: Unexpected error: API error 401: {\"message\":\"Bad credentials\",\"documentation_url\":\"https://docs.github.com/rest\",\"status\":\"401\"}", "module": "whatsapp_integration", "function": "_load_connection_state", "line": 73}
{"timestamp": "2025-07-03T18:23:48.877294Z", "level": "\u001b[91mERROR\u001b[0m", "logger": "github_storage", "message": "Unexpected status code 401 for clients.json: {\"message\":\"Bad credentials\",\"documentation_url\":\"https://docs.github.com/rest\",\"status\":\"401\"}", "module": "github_storage", "function": "_get_file_content", "line": 203}
{"timestamp": "2025-07-03T18:23:48.877363Z", "level": "\u001b[91mERROR\u001b[0m", "logger": "github_storage", "message": "Unexpected error getting clients.json: API error 401: {\"message\":\"Bad credentials\",\"documentation_url\":\"https://docs.github.com/rest\",\"status\":\"401\"}", "module": "github_storage", "function": "_get_file_content", "line": 221}
{"timestamp": "2025-07-03T18:23:49.913030Z", "level": "\u001b[91mERROR\u001b[0m", "logger": "github_storage", "message": "Unexpected status code 401 for clients.json: {\"message\":\"Bad credentials\",\"documentation_url\":\"https://docs.github.com/rest\",\"status\":\"401\"}", "module": "github_storage", "function": "_get_file_content", "line": 203}
{"timestamp": "2025-07-03T18:23:49.913121Z", "level": "\u001b[91mERROR\u001b[0m", "logger": "github_storage", "message": "Unexpected error getting clients.json: API error 401: {\"message\":\"Bad credentials\",\"documentation_url\":\"https://docs.github.com/rest\",\"status\":\"401\"}", "module": "github_storage", "function": "_get_file_content", "line": 221}
{"timestamp": "2025-07-03T18:23:50.956834Z", "level": "\u001b[91mERROR\u001b[0m", "logger": "github_storage", "message": "Unexpected status code 401 for clients.json: {\"message\":\"Bad credentials\",\"documentation_url\":\"https://docs.github.com/rest\",\"status\":\"401\"}", "module": "github_storage", "function": "_get_file_content", "line": 203}
{"timestamp": "2025-07-03T18:23:50.956925Z", "level": "\u001b[91mERROR\u001b[0m", "logger": "github_storage", "message": "Unexpected error getting clients.json: API error 401: {\"message\":\"Bad credentials\",\"documentation_url\":\"https://docs.github.com/rest\",\"status\":\"401\"}", "module": "github_storage", "function": "_get_file_content", "line": 221}
{"timestamp": "2025-07-03T18:23:50.956976Z", "level": "\u001b[91mERROR\u001b[0m", "logger": "github_storage", "message": "GitHub storage error loading clients: Unexpected error: API error 401: {\"message\":\"Bad credentials\",\"documentation_url\":\"https://docs.github.com/rest\",\"status\":\"401\"}", "module": "github_storage", "function": "get_clients", "line": 407}
{"timestamp": "2025-07-03T18:23:50.957023Z", "level": "\u001b[91mERROR\u001b[0m", "logger": "reminder_scheduler", "message": "Error setting up reminders: Unexpected error: API error 401: {\"message\":\"Bad credentials\",\"documentation_url\":\"https://docs.github.com/rest\",\"status\":\"401\"}", "module": "reminder_scheduler", "function": "setup_reminders", "line": 248}
{"timestamp": "2025-07-03T18:23:50.958159Z", "level": "\u001b[91mERROR\u001b[0m", "logger": "reminder_scheduler", "message": "Traceback (most recent call last):\n  File \"/workspace/github_storage.py\", line 204, in _get_file_content\n    raise GitHubStorageError(f\"API error {response.status_code}: {response.text}\")\ngithub_storage.GitHubStorageError: API error 401: {\"message\":\"Bad credentials\",\"documentation_url\":\"https://docs.github.com/rest\",\"status\":\"401\"}\n\nDuring handling of the above exception, another exception occurred:\n\nTraceback (most recent call last):\n  File \"/workspace/reminder_scheduler.py\", line 205, in setup_reminders\n    clients = storage.get_clients()\n  File \"/workspace/github_storage.py\", line 384, in get_clients\n    file_data = self._get_file_content('clients.json')\n  File \"/workspace/github_storage.py\", line 223, in _get_file_content\n    raise GitHubStorageError(f\"Unexpected error: {str(e)}\")\ngithub_storage.GitHubStorageError: Unexpected error: API error 401: {\"message\":\"Bad credentials\",\"documentation_url\":\"https://docs.github.com/rest\",\"status\":\"401\"}\n", "module": "reminder_scheduler", "function": "setup_reminders", "line": 249}
{"timestamp": "2025-07-03T18:23:51.026305Z", "level": "\u001b[91mERROR\u001b[0m", "logger": "github_storage", "message": "Unexpected status code 401 for clients.json: {\"message\":\"Bad credentials\",\"documentation_url\":\"https://docs.github.com/rest\",\"status\":\"401\"}", "module": "github_storage", "function": "_get_file_content", "line": 203}
{"timestamp": "2025-07-03T18:23:51.026368Z", "level": "\u001b[91mERROR\u001b[0m", "logger": "github_storage", "message": "Unexpected error getting clients.json: API error 401: {\"message\":\"Bad credentials\",\"documentation_url\":\"https://docs.github.com/rest\",\"status\":\"401\"}", "module": "github_storage", "function": "_get_file_content", "line": 221}
